<?xml version="1.0" encoding="UTF-8"?>
<!-- Generated by org.testng.reporters.JUnitXMLReporter -->
<testsuite ignored="0" hostname="DESKTOP-1GK70PM" failures="2" tests="54" name="Test" time="552.295" errors="0" timestamp="2026-02-19T10:45:34 IST">
  <testcase classname="Tests.LoginpageTest" name="loginPageNavigation" time="10.617"/>
  <testcase classname="Tests.LoginpageTest" name="createAccount" time="23.563"/>
  <testcase classname="Tests.LoginpageTest" name="login" time="19.442"/>
  <testcase classname="Tests.HomepageTest" name="logoVerification" time="5.623"/>
  <testcase classname="Tests.HomepageTest" name="announcementBarNavigation" time="11.784"/>
  <testcase classname="Tests.HomepageTest" name="megamenuNavigation" time="3.945"/>
  <testcase classname="Tests.HomepageTest" name="aboutUsPageNavigation" time="2.688"/>
  <testcase classname="Tests.HomepageTest" name="knowYourIngredientsPageNavigation" time="2.472"/>
  <testcase classname="Tests.HomepageTest" name="beautyArchivesPageNavigation" time="2.773"/>
  <testcase classname="Tests.HomepageTest" name="contactUsPageNavigation" time="2.512"/>
  <testcase classname="Tests.HomepageTest" name="verifyHeroBannerNavigation" time="2.671"/>
  <testcase classname="Tests.HomepageTest" name="verifyHeroBannerLinkNavigation" time="1.986"/>
  <testcase classname="Tests.HomepageTest" name="verifyCollectionTabsNavigation" time="15.259"/>
  <testcase classname="Tests.HomepageTest" name="verifyProductNavigationFromCollectionTab" time="9.665"/>
  <testcase classname="Tests.HomepageTest" name="verifyAddToCartFunctionality" time="19.605"/>
  <testcase classname="Tests.HomepageTest" name="verifyShopByConcernSection" time="25.448"/>
  <testcase classname="Tests.HomepageTest" name="verifyDiscoverBeautyBillSection" time="3.083"/>
  <testcase classname="Tests.HomepageTest" name="verifyInTheSpotlightSection" time="12.45"/>
  <testcase classname="Tests.HomepageTest" name="verifyWhatSetsUsApartSection" time="6.352"/>
  <testcase classname="Tests.HomepageTest" name="verifyReelsSection" time="0.553"/>
  <testcase classname="Tests.HomepageTest" name="verifyCustomerLoveSection" time="1.493"/>
  <testcase classname="Tests.HomepageTest" name="verifyDiscoverOurStorySection" time="8.341"/>
  <testcase classname="Tests.HomepageTest" name="verifyBeautyArchivesSection" time="7.09"/>
  <testcase classname="Tests.HomepageTest" name="verifyNewsletterSubscription" time="12.631"/>
  <testcase classname="Tests.HomepageTest" name="verifyFooterProductLinks" time="40.505"/>
  <testcase classname="Tests.HomepageTest" name="verifyFooterConcernLinks" time="30.74"/>
  <testcase classname="Tests.HomepageTest" name="verifyFooterQuickLinks" time="20.324"/>
  <testcase classname="Tests.HomepageTest" name="verifyFooterLegalLinks" time="19.052"/>
  <testcase classname="Tests.HomepageTest" name="verifyFooterSocialMediaLinks" time="18.887"/>
  <testcase classname="Tests.HomepageTest" name="verifyCautionNotice" time="0.448"/>
  <testcase classname="Tests.ProductlistingpageTest" name="hpToPlpNavigation" time="11.57"/>
  <testcase classname="Tests.ProductlistingpageTest" name="appliedFilters" time="14.998"/>
  <testcase classname="Tests.ProductlistingpageTest" name="relevantProdutRedirection" time="5.447"/>
  <testcase classname="Tests.ProductlistingpageTest" name="clearFilters" time="8.056"/>
  <testcase classname="Tests.ProductlistingpageTest" name="addToCartFromPLP" time="9.003"/>
  <testcase classname="Tests.ProductlistingpageTest" name="youMayAlsoLikeSection" time="0.84"/>
  <testcase classname="Tests.ProductlistingpageTest" name="beautyArchivesSection" time="0.498"/>
  <testcase classname="Tests.ProductlistingpageTest" name="viewAllRedirection" time="3.59"/>
  <testcase classname="Tests.ProductlistingpageTest" name="faqsSection" time="0.795"/>
  <testcase classname="Tests.ProductlistingpageTest" name="writeToUsRedirection" time="2.537"/>
  <testcase classname="Tests.ProductdetaislTest" name="hpToPlpNavigation" time="16.903"/>
  <testcase classname="Tests.ProductdetaislTest" name="pdpToPlpNavigation" time="9.939"/>
  <testcase classname="Tests.ProductdetaislTest" name="invalidPincodeCheck" time="1.754"/>
  <testcase classname="Tests.ProductdetaislTest" name="validPincodeCheck" time="1.618"/>
  <testcase classname="Tests.ProductdetaislTest" name="addToCartFromPDP" time="2.643"/>
  <testcase classname="Tests.ProductdetaislTest" name="quantityIncrease" time="5.076"/>
  <testcase classname="Tests.ProductdetaislTest" name="quantityDecrease" time="4.978"/>
  <testcase classname="Tests.ProductdetaislTest" name="reviewsSection" time="2.459"/>
  <testcase classname="Tests.ProductdetaislTest" name="detailsSection" time="2.407"/>
  <testcase classname="Tests.ProductdetaislTest" name="youMayAlsoLikeSectionPDP" time="2.405"/>
  <testcase classname="Tests.CartTest" name="emptyCart" time="12.759"/>
  <testcase classname="Tests.CartTest" name="addToCartFromPDP" time="24.3">
    <failure type="org.openqa.selenium.TimeoutException" message="Expected condition failed: waiting for visibility of Proxy element for: DefaultElementLocator &amp;apos;By.xpath: //div[@class=&amp;apos;gokwik-checkout&amp;apos;]&amp;apos; (tried for 10 second(s) with 500 milliseconds interval)">
      <![CDATA[org.openqa.selenium.TimeoutException: Expected condition failed: waiting for visibility of Proxy element for: DefaultElementLocator 'By.xpath: //div[@class='gokwik-checkout']' (tried for 10 second(s) with 500 milliseconds interval)
at org.openqa.selenium.support.ui.WebDriverWait.timeoutException(WebDriverWait.java:84)
at org.openqa.selenium.support.ui.FluentWait.until(FluentWait.java:228)
at genericUtility.webdriverUtility.waitUntilElementIsVisible(webdriverUtility.java:412)
at Tests.CartTest.addToCartFromPDP(CartTest.java:65)
at java.base/java.util.ArrayList.forEach(ArrayList.java:1596)
Caused by: org.openqa.selenium.NoSuchElementException: no such element: Unable to locate element: {"method":"xpath","selector":"//div[@class='gokwik-checkout']"}
  (Session info: chrome=145.0.7632.109)
For documentation on this error, please visit: https://www.selenium.dev/documentation/webdriver/troubleshooting/errors#nosuchelementexception
Build info: version: '4.39.0', revision: '126f156aee'
System info: os.name: 'Windows 11', os.arch: 'amd64', os.version: '10.0', java.version: '21.0.9'
Driver info: org.openqa.selenium.chrome.ChromeDriver
Command: [54b498ed32d41a3a79046f1909e6adbd, findElement {value=//div[@class='gokwik-checkout'], using=xpath}]
Capabilities {acceptInsecureCerts: false, browserName: chrome, browserVersion: 145.0.7632.109, chrome: {chromedriverVersion: 145.0.7632.77 (da516187054a..., userDataDir: C:\Users\OrCon\AppData\Loca...}, fedcm:accounts: true, goog:chromeOptions: {debuggerAddress: localhost:52113}, goog:processID: 10128, networkConnectionEnabled: false, pageLoadStrategy: normal, platformName: windows, proxy: Proxy(), se:cdp: ws://localhost:52113/devtoo..., se:cdpVersion: 145.0.7632.109, setWindowRect: true, strictFileInteractability: false, timeouts: {implicit: 0, pageLoad: 300000, script: 30000}, unhandledPromptBehavior: dismiss and notify, webauthn:extension:credBlob: true, webauthn:extension:largeBlob: true, webauthn:extension:minPinLength: true, webauthn:extension:prf: true, webauthn:virtualAuthenticators: true}
Session ID: 54b498ed32d41a3a79046f1909e6adbd
at org.openqa.selenium.remote.ErrorCodec.decode(ErrorCodec.java:167)
at org.openqa.selenium.remote.codec.w3c.W3CHttpResponseCodec.decode(W3CHttpResponseCodec.java:142)
at org.openqa.selenium.remote.codec.w3c.W3CHttpResponseCodec.decode(W3CHttpResponseCodec.java:49)
at org.openqa.selenium.remote.HttpCommandExecutor.execute(HttpCommandExecutor.java:215)
at org.openqa.selenium.remote.service.DriverCommandExecutor.invokeExecute(DriverCommandExecutor.java:216)
at org.openqa.selenium.remote.service.DriverCommandExecutor.execute(DriverCommandExecutor.java:174)
at org.openqa.selenium.remote.RemoteWebDriver.execute(RemoteWebDriver.java:561)
at org.openqa.selenium.remote.ElementLocation$ElementFinder$2.findElement(ElementLocation.java:166)
at org.openqa.selenium.remote.ElementLocation.findElement(ElementLocation.java:60)
at org.openqa.selenium.remote.RemoteWebDriver.findElement(RemoteWebDriver.java:384)
at org.openqa.selenium.remote.RemoteWebDriver.findElement(RemoteWebDriver.java:378)
at org.openqa.selenium.support.pagefactory.DefaultElementLocator.findElement(DefaultElementLocator.java:68)
at org.openqa.selenium.support.pagefactory.internal.LocatingElementHandler.invoke(LocatingElementHandler.java:38)
at jdk.proxy2/jdk.proxy2.$Proxy12.isDisplayed(Unknown Source)
at org.openqa.selenium.support.ui.ExpectedConditions.elementIfVisible(ExpectedConditions.java:308)
at org.openqa.selenium.support.ui.ExpectedConditions$10.apply(ExpectedConditions.java:294)
at org.openqa.selenium.support.ui.ExpectedConditions$10.apply(ExpectedConditions.java:291)
at org.openqa.selenium.support.ui.FluentWait.until(FluentWait.java:203)
... 28 more
... Removed 28 stack frames]]>
    </failure>
  </testcase> <!-- addToCartFromPDP -->
  <testcase classname="Tests.CartTest" name="freeBieProduct" time="5.061">
    <failure type="org.openqa.selenium.NoSuchElementException" message="no such element: Unable to locate element: {&amp;quot;method&amp;quot;:&amp;quot;xpath&amp;quot;,&amp;quot;selector&amp;quot;:&amp;quot;//div[@class=&amp;apos;freebie-text&amp;apos;]&amp;quot;}
  (Session info: chrome=145.0.7632.109)
For documentation on this error, please visit: https://www.selenium.dev/documentation/webdriver/troubleshooting/errors#nosuchelementexception
Build info: version: &amp;apos;4.39.0&amp;apos;, revision: &amp;apos;126f156aee&amp;apos;
System info: os.name: &amp;apos;Windows 11&amp;apos;, os.arch: &amp;apos;amd64&amp;apos;, os.version: &amp;apos;10.0&amp;apos;, java.version: &amp;apos;21.0.9&amp;apos;
Driver info: org.openqa.selenium.chrome.ChromeDriver
Command: [54b498ed32d41a3a79046f1909e6adbd, findElement {value=//div[@class=&amp;apos;freebie-text&amp;apos;], using=xpath}]
Capabilities {acceptInsecureCerts: false, browserName: chrome, browserVersion: 145.0.7632.109, chrome: {chromedriverVersion: 145.0.7632.77 (da516187054a..., userDataDir: C:\Users\OrCon\AppData\Loca...}, fedcm:accounts: true, goog:chromeOptions: {debuggerAddress: localhost:52113}, goog:processID: 10128, networkConnectionEnabled: false, pageLoadStrategy: normal, platformName: windows, proxy: Proxy(), se:cdp: ws://localhost:52113/devtoo..., se:cdpVersion: 145.0.7632.109, setWindowRect: true, strictFileInteractability: false, timeouts: {implicit: 0, pageLoad: 300000, script: 30000}, unhandledPromptBehavior: dismiss and notify, webauthn:extension:credBlob: true, webauthn:extension:largeBlob: true, webauthn:extension:minPinLength: true, webauthn:extension:prf: true, webauthn:virtualAuthenticators: true}
Session ID: 54b498ed32d41a3a79046f1909e6adbd">
      <![CDATA[org.openqa.selenium.NoSuchElementException: no such element: Unable to locate element: {"method":"xpath","selector":"//div[@class='freebie-text']"}
  (Session info: chrome=145.0.7632.109)
For documentation on this error, please visit: https://www.selenium.dev/documentation/webdriver/troubleshooting/errors#nosuchelementexception
Build info: version: '4.39.0', revision: '126f156aee'
System info: os.name: 'Windows 11', os.arch: 'amd64', os.version: '10.0', java.version: '21.0.9'
Driver info: org.openqa.selenium.chrome.ChromeDriver
Command: [54b498ed32d41a3a79046f1909e6adbd, findElement {value=//div[@class='freebie-text'], using=xpath}]
Capabilities {acceptInsecureCerts: false, browserName: chrome, browserVersion: 145.0.7632.109, chrome: {chromedriverVersion: 145.0.7632.77 (da516187054a..., userDataDir: C:\Users\OrCon\AppData\Loca...}, fedcm:accounts: true, goog:chromeOptions: {debuggerAddress: localhost:52113}, goog:processID: 10128, networkConnectionEnabled: false, pageLoadStrategy: normal, platformName: windows, proxy: Proxy(), se:cdp: ws://localhost:52113/devtoo..., se:cdpVersion: 145.0.7632.109, setWindowRect: true, strictFileInteractability: false, timeouts: {implicit: 0, pageLoad: 300000, script: 30000}, unhandledPromptBehavior: dismiss and notify, webauthn:extension:credBlob: true, webauthn:extension:largeBlob: true, webauthn:extension:minPinLength: true, webauthn:extension:prf: true, webauthn:virtualAuthenticators: true}
Session ID: 54b498ed32d41a3a79046f1909e6adbd
at org.openqa.selenium.remote.ErrorCodec.decode(ErrorCodec.java:167)
at org.openqa.selenium.remote.codec.w3c.W3CHttpResponseCodec.decode(W3CHttpResponseCodec.java:142)
at org.openqa.selenium.remote.codec.w3c.W3CHttpResponseCodec.decode(W3CHttpResponseCodec.java:49)
at org.openqa.selenium.remote.HttpCommandExecutor.execute(HttpCommandExecutor.java:215)
at org.openqa.selenium.remote.service.DriverCommandExecutor.invokeExecute(DriverCommandExecutor.java:216)
at org.openqa.selenium.remote.service.DriverCommandExecutor.execute(DriverCommandExecutor.java:174)
at org.openqa.selenium.remote.RemoteWebDriver.execute(RemoteWebDriver.java:561)
at org.openqa.selenium.remote.ElementLocation$ElementFinder$2.findElement(ElementLocation.java:166)
at org.openqa.selenium.remote.ElementLocation.findElement(ElementLocation.java:60)
at org.openqa.selenium.remote.RemoteWebDriver.findElement(RemoteWebDriver.java:384)
at org.openqa.selenium.remote.RemoteWebDriver.findElement(RemoteWebDriver.java:378)
at org.openqa.selenium.support.pagefactory.DefaultElementLocator.findElement(DefaultElementLocator.java:68)
at org.openqa.selenium.support.pagefactory.internal.LocatingElementHandler.invoke(LocatingElementHandler.java:38)
at jdk.proxy2/jdk.proxy2.$Proxy12.isDisplayed(Unknown Source)
at Tests.CartTest.freeBieProduct(CartTest.java:133)
at java.base/java.util.ArrayList.forEach(ArrayList.java:1596)
... Removed 28 stack frames]]>
    </failure>
  </testcase> <!-- freeBieProduct -->
  <testcase classname="Tests.CartTest" name="checkout" time="0.0">
    <skipped/>
  </testcase> <!-- checkout -->
</testsuite> <!-- Test -->
