<?xml version="1.0" encoding="UTF-8"?>
<!-- Generated by org.testng.reporters.JUnitXMLReporter -->
<testsuite ignored="0" hostname="DESKTOP-1GK70PM" failures="0" tests="54" name="Test" time="350.564" errors="0" timestamp="2026-03-10T17:05:04 IST">
  <testcase classname="Tests.LoginpageTest" name="loginPageNavigation" time="6.15"/>
  <testcase classname="Tests.LoginpageTest" name="createAccount" time="14.541"/>
  <testcase classname="Tests.LoginpageTest" name="login" time="13.395"/>
  <testcase classname="Tests.HomepageTest" name="logoVerification" time="2.836"/>
  <testcase classname="Tests.HomepageTest" name="announcementBarNavigation" time="5.733"/>
  <testcase classname="Tests.HomepageTest" name="megamenuNavigation" time="2.255"/>
  <testcase classname="Tests.HomepageTest" name="aboutUsPageNavigation" time="1.838"/>
  <testcase classname="Tests.HomepageTest" name="knowYourIngredientsPageNavigation" time="1.531"/>
  <testcase classname="Tests.HomepageTest" name="beautyArchivesPageNavigation" time="2.38"/>
  <testcase classname="Tests.HomepageTest" name="contactUsPageNavigation" time="1.706"/>
  <testcase classname="Tests.HomepageTest" name="verifyHeroBannerLinkNavigation" time="1.896"/>
  <testcase classname="Tests.HomepageTest" name="verifyCollectionTabsNavigation" time="11.74"/>
  <testcase classname="Tests.HomepageTest" name="verifyProductNavigationFromCollectionTab" time="5.497"/>
  <testcase classname="Tests.HomepageTest" name="verifyAddToCartFunctionality" time="12.563"/>
  <testcase classname="Tests.HomepageTest" name="verifyShopByConcernSection" time="13.619"/>
  <testcase classname="Tests.HomepageTest" name="verifyDiscoverBeautyBillSection" time="2.066"/>
  <testcase classname="Tests.HomepageTest" name="verifyInTheSpotlightSection" time="9.586"/>
  <testcase classname="Tests.HomepageTest" name="verifyWhatSetsUsApartSection" time="4.413"/>
  <testcase classname="Tests.HomepageTest" name="verifyReelsSection" time="0.351"/>
  <testcase classname="Tests.HomepageTest" name="verifyCustomerLoveSection" time="0.385"/>
  <testcase classname="Tests.HomepageTest" name="verifyDiscoverOurStorySection" time="2.358"/>
  <testcase classname="Tests.HomepageTest" name="verifyBeautyArchivesSection" time="4.99"/>
  <testcase classname="Tests.HomepageTest" name="verifyNewsletterSubscription" time="11.962"/>
  <testcase classname="Tests.HomepageTest" name="verifyFooterProductLinks" time="23.244"/>
  <testcase classname="Tests.HomepageTest" name="verifyFooterConcernLinks" time="21.29"/>
  <testcase classname="Tests.HomepageTest" name="verifyFooterQuickLinks" time="15.057"/>
  <testcase classname="Tests.HomepageTest" name="verifyFooterLegalLinks" time="14.277"/>
  <testcase classname="Tests.HomepageTest" name="verifyFooterSocialMediaLinks" time="10.603"/>
  <testcase classname="Tests.HomepageTest" name="verifyCautionNotice" time="0.373"/>
  <testcase classname="Tests.ProductlistingpageTest" name="hpToPlpNavigation" time="6.273"/>
  <testcase classname="Tests.ProductlistingpageTest" name="appliedFilters" time="7.889"/>
  <testcase classname="Tests.ProductlistingpageTest" name="filteredproducts" time="3.05"/>
  <testcase classname="Tests.ProductlistingpageTest" name="clearFilters" time="4.303"/>
  <testcase classname="Tests.ProductlistingpageTest" name="addToCartFromPLP" time="5.044"/>
  <testcase classname="Tests.ProductlistingpageTest" name="youMayAlsoLikeSection" time="0.561"/>
  <testcase classname="Tests.ProductlistingpageTest" name="beautyArchivesSection" time="0.471"/>
  <testcase classname="Tests.ProductlistingpageTest" name="viewAllRedirection" time="2.487"/>
  <testcase classname="Tests.ProductlistingpageTest" name="faqsSection" time="0.591"/>
  <testcase classname="Tests.ProductlistingpageTest" name="writeToUsRedirection" time="1.852"/>
  <testcase classname="Tests.ProductdetaislTest" name="hpToPdpNavigation" time="9.256"/>
  <testcase classname="Tests.ProductdetaislTest" name="pdpToPlpNavigation" time="5.393"/>
  <testcase classname="Tests.ProductdetaislTest" name="invalidPincodeCheck" time="1.65"/>
  <testcase classname="Tests.ProductdetaislTest" name="validPincodeCheck" time="1.227"/>
  <testcase classname="Tests.ProductdetaislTest" name="addToCartFromPDP" time="2.819"/>
  <testcase classname="Tests.ProductdetaislTest" name="quantityIncrease" time="4.736"/>
  <testcase classname="Tests.ProductdetaislTest" name="quantityDecrease" time="4.727"/>
  <testcase classname="Tests.ProductdetaislTest" name="reviewsSection" time="2.334"/>
  <testcase classname="Tests.ProductdetaislTest" name="detailsSection" time="2.355"/>
  <testcase classname="Tests.ProductdetaislTest" name="youMayAlsoLikeSectionPDP" time="2.5"/>
  <testcase classname="Tests.CartTest" name="emptyCart" time="6.534"/>
  <testcase classname="Tests.CartTest" name="addToCartFromPDP" time="14.03"/>
  <testcase classname="Tests.CartTest" name="priceUpdateVerification" time="2.069"/>
  <testcase classname="Tests.CartTest" name="freeBieProduct" time="0.081"/>
  <testcase classname="Tests.CartTest" name="checkout" time="5.356"/>
</testsuite> <!-- Test -->
