<?xml version="1.0" encoding="UTF-8"?>
<!-- Generated by org.testng.reporters.JUnitXMLReporter -->
<testsuite ignored="0" hostname="DESKTOP-1GK70PM" failures="2" tests="55" name="Test" time="432.977" errors="0" timestamp="2026-02-23T00:08:26 IST">
  <testcase classname="Tests.LoginpageTest" name="loginPageNavigation" time="5.624"/>
  <testcase classname="Tests.LoginpageTest" name="createAccount" time="15.082"/>
  <testcase classname="Tests.LoginpageTest" name="login" time="13.532"/>
  <testcase classname="Tests.HomepageTest" name="logoVerification" time="3.354"/>
  <testcase classname="Tests.HomepageTest" name="announcementBarNavigation" time="6.56"/>
  <testcase classname="Tests.HomepageTest" name="megamenuNavigation" time="2.537"/>
  <testcase classname="Tests.HomepageTest" name="aboutUsPageNavigation" time="1.743"/>
  <testcase classname="Tests.HomepageTest" name="knowYourIngredientsPageNavigation" time="1.614"/>
  <testcase classname="Tests.HomepageTest" name="beautyArchivesPageNavigation" time="2.143"/>
  <testcase classname="Tests.HomepageTest" name="contactUsPageNavigation" time="1.526"/>
  <testcase classname="Tests.HomepageTest" name="verifyHeroBannerNavigation" time="1.743"/>
  <testcase classname="Tests.HomepageTest" name="verifyHeroBannerLinkNavigation" time="1.316"/>
  <testcase classname="Tests.HomepageTest" name="verifyCollectionTabsNavigation" time="10.443"/>
  <testcase classname="Tests.HomepageTest" name="verifyProductNavigationFromCollectionTab" time="5.699"/>
  <testcase classname="Tests.HomepageTest" name="verifyAddToCartFunctionality" time="11.793"/>
  <testcase classname="Tests.HomepageTest" name="verifyShopByConcernSection" time="14.849"/>
  <testcase classname="Tests.HomepageTest" name="verifyDiscoverBeautyBillSection" time="2.115"/>
  <testcase classname="Tests.HomepageTest" name="verifyInTheSpotlightSection" time="8.059"/>
  <testcase classname="Tests.HomepageTest" name="verifyWhatSetsUsApartSection" time="3.566"/>
  <testcase classname="Tests.HomepageTest" name="verifyReelsSection" time="0.328"/>
  <testcase classname="Tests.HomepageTest" name="verifyCustomerLoveSection" time="0.369"/>
  <testcase classname="Tests.HomepageTest" name="verifyDiscoverOurStorySection" time="4.295"/>
  <testcase classname="Tests.HomepageTest" name="verifyBeautyArchivesSection" time="4.643"/>
  <testcase classname="Tests.HomepageTest" name="verifyNewsletterSubscription" time="17.206">
    <failure type="org.openqa.selenium.TimeoutException" message="Expected condition failed: waiting for visibility of Proxy element for: DefaultElementLocator &amp;apos;By.xpath: //h3[@class=&amp;apos;test newsletter-form__message newsletter-form__message--success form__message&amp;apos;]&amp;apos; (tried for 10 second(s) with 500 milliseconds interval)">
      <![CDATA[org.openqa.selenium.TimeoutException: Expected condition failed: waiting for visibility of Proxy element for: DefaultElementLocator 'By.xpath: //h3[@class='test newsletter-form__message newsletter-form__message--success form__message']' (tried for 10 second(s) with 500 milliseconds interval)
at org.openqa.selenium.support.ui.WebDriverWait.timeoutException(WebDriverWait.java:84)
at org.openqa.selenium.support.ui.FluentWait.until(FluentWait.java:228)
at genericUtility.webdriverUtility.waitUntilElementIsVisible(webdriverUtility.java:412)
at Tests.HomepageTest.verifyNewsletterSubscription(HomepageTest.java:377)
at java.base/java.util.ArrayList.forEach(ArrayList.java:1596)
Caused by: org.openqa.selenium.NoSuchElementException: no such element: Unable to locate element: {"method":"xpath","selector":"//h3[@class='test newsletter-form__message newsletter-form__message--success form__message']"}
  (Session info: chrome=145.0.7632.109)
For documentation on this error, please visit: https://www.selenium.dev/documentation/webdriver/troubleshooting/errors#nosuchelementexception
Build info: version: '4.39.0', revision: '126f156aee'
System info: os.name: 'Windows 11', os.arch: 'amd64', os.version: '10.0', java.version: '21.0.9'
Driver info: org.openqa.selenium.chrome.ChromeDriver
Command: [02bd0272dbc15e88203c1890c79ad2ab, findElement {value=//h3[@class='test newsletter-form__message newsletter-form__message--success form__message'], using=xpath}]
Capabilities {acceptInsecureCerts: false, browserName: chrome, browserVersion: 145.0.7632.109, chrome: {chromedriverVersion: 145.0.7632.77 (da516187054a..., userDataDir: C:\Users\OrCon\AppData\Loca...}, fedcm:accounts: true, goog:chromeOptions: {debuggerAddress: localhost:61770}, goog:processID: 764, networkConnectionEnabled: false, pageLoadStrategy: normal, platformName: windows, proxy: Proxy(), se:cdp: ws://localhost:61770/devtoo..., se:cdpVersion: 145.0.7632.109, setWindowRect: true, strictFileInteractability: false, timeouts: {implicit: 0, pageLoad: 300000, script: 30000}, unhandledPromptBehavior: dismiss and notify, webauthn:extension:credBlob: true, webauthn:extension:largeBlob: true, webauthn:extension:minPinLength: true, webauthn:extension:prf: true, webauthn:virtualAuthenticators: true}
Session ID: 02bd0272dbc15e88203c1890c79ad2ab
at org.openqa.selenium.remote.ErrorCodec.decode(ErrorCodec.java:167)
at org.openqa.selenium.remote.codec.w3c.W3CHttpResponseCodec.decode(W3CHttpResponseCodec.java:142)
at org.openqa.selenium.remote.codec.w3c.W3CHttpResponseCodec.decode(W3CHttpResponseCodec.java:49)
at org.openqa.selenium.remote.HttpCommandExecutor.execute(HttpCommandExecutor.java:215)
at org.openqa.selenium.remote.service.DriverCommandExecutor.invokeExecute(DriverCommandExecutor.java:216)
at org.openqa.selenium.remote.service.DriverCommandExecutor.execute(DriverCommandExecutor.java:174)
at org.openqa.selenium.remote.RemoteWebDriver.execute(RemoteWebDriver.java:561)
at org.openqa.selenium.remote.ElementLocation$ElementFinder$2.findElement(ElementLocation.java:166)
at org.openqa.selenium.remote.ElementLocation.findElement(ElementLocation.java:60)
at org.openqa.selenium.remote.RemoteWebDriver.findElement(RemoteWebDriver.java:384)
at org.openqa.selenium.remote.RemoteWebDriver.findElement(RemoteWebDriver.java:378)
at org.openqa.selenium.support.pagefactory.DefaultElementLocator.findElement(DefaultElementLocator.java:68)
at org.openqa.selenium.support.pagefactory.internal.LocatingElementHandler.invoke(LocatingElementHandler.java:38)
at jdk.proxy2/jdk.proxy2.$Proxy14.isDisplayed(Unknown Source)
at org.openqa.selenium.support.ui.ExpectedConditions.elementIfVisible(ExpectedConditions.java:308)
at org.openqa.selenium.support.ui.ExpectedConditions$10.apply(ExpectedConditions.java:294)
at org.openqa.selenium.support.ui.ExpectedConditions$10.apply(ExpectedConditions.java:291)
at org.openqa.selenium.support.ui.FluentWait.until(FluentWait.java:203)
... 28 more
... Removed 28 stack frames]]>
    </failure>
  </testcase> <!-- verifyNewsletterSubscription -->
  <testcase classname="Tests.HomepageTest" name="verifyFooterProductLinks" time="41.474"/>
  <testcase classname="Tests.HomepageTest" name="verifyFooterConcernLinks" time="41.964"/>
  <testcase classname="Tests.HomepageTest" name="verifyFooterQuickLinks" time="30.58"/>
  <testcase classname="Tests.HomepageTest" name="verifyFooterLegalLinks" time="22.97"/>
  <testcase classname="Tests.HomepageTest" name="verifyFooterSocialMediaLinks" time="9.698"/>
  <testcase classname="Tests.HomepageTest" name="verifyCautionNotice" time="0.426"/>
  <testcase classname="Tests.ProductlistingpageTest" name="hpToPlpNavigation" time="5.649"/>
  <testcase classname="Tests.ProductlistingpageTest" name="appliedFilters" time="4.649">
    <failure type="org.openqa.selenium.StaleElementReferenceException" message="stale element reference: stale element not found in the current frame
  (Session info: chrome=145.0.7632.109)
For documentation on this error, please visit: https://www.selenium.dev/documentation/webdriver/troubleshooting/errors#staleelementreferenceexception
Build info: version: &amp;apos;4.39.0&amp;apos;, revision: &amp;apos;126f156aee&amp;apos;
System info: os.name: &amp;apos;Windows 11&amp;apos;, os.arch: &amp;apos;amd64&amp;apos;, os.version: &amp;apos;10.0&amp;apos;, java.version: &amp;apos;21.0.9&amp;apos;
Driver info: org.openqa.selenium.chrome.ChromeDriver
Command: [863f7277cbdda100017e9517d6215243, getElementText {id=f.A26C710B67387F4642D684ED32F15C9F.d.E6AD3B2CAAD986D480D90CA65C30CFFD.e.595}]
Capabilities {acceptInsecureCerts: false, browserName: chrome, browserVersion: 145.0.7632.109, chrome: {chromedriverVersion: 145.0.7632.77 (da516187054a..., userDataDir: C:\Users\OrCon\AppData\Loca...}, fedcm:accounts: true, goog:chromeOptions: {debuggerAddress: localhost:63921}, goog:processID: 11604, networkConnectionEnabled: false, pageLoadStrategy: normal, platformName: windows, proxy: Proxy(), se:cdp: ws://localhost:63921/devtoo..., se:cdpVersion: 145.0.7632.109, setWindowRect: true, strictFileInteractability: false, timeouts: {implicit: 0, pageLoad: 300000, script: 30000}, unhandledPromptBehavior: dismiss and notify, webauthn:extension:credBlob: true, webauthn:extension:largeBlob: true, webauthn:extension:minPinLength: true, webauthn:extension:prf: true, webauthn:virtualAuthenticators: true}
Element: [[ChromeDriver: chrome on windows (863f7277cbdda100017e9517d6215243)] -&amp;gt; xpath: //span[@class=&amp;apos;facet-checkbox__text&amp;apos;]]
Session ID: 863f7277cbdda100017e9517d6215243">
      <![CDATA[org.openqa.selenium.StaleElementReferenceException: stale element reference: stale element not found in the current frame
  (Session info: chrome=145.0.7632.109)
For documentation on this error, please visit: https://www.selenium.dev/documentation/webdriver/troubleshooting/errors#staleelementreferenceexception
Build info: version: '4.39.0', revision: '126f156aee'
System info: os.name: 'Windows 11', os.arch: 'amd64', os.version: '10.0', java.version: '21.0.9'
Driver info: org.openqa.selenium.chrome.ChromeDriver
Command: [863f7277cbdda100017e9517d6215243, getElementText {id=f.A26C710B67387F4642D684ED32F15C9F.d.E6AD3B2CAAD986D480D90CA65C30CFFD.e.595}]
Capabilities {acceptInsecureCerts: false, browserName: chrome, browserVersion: 145.0.7632.109, chrome: {chromedriverVersion: 145.0.7632.77 (da516187054a..., userDataDir: C:\Users\OrCon\AppData\Loca...}, fedcm:accounts: true, goog:chromeOptions: {debuggerAddress: localhost:63921}, goog:processID: 11604, networkConnectionEnabled: false, pageLoadStrategy: normal, platformName: windows, proxy: Proxy(), se:cdp: ws://localhost:63921/devtoo..., se:cdpVersion: 145.0.7632.109, setWindowRect: true, strictFileInteractability: false, timeouts: {implicit: 0, pageLoad: 300000, script: 30000}, unhandledPromptBehavior: dismiss and notify, webauthn:extension:credBlob: true, webauthn:extension:largeBlob: true, webauthn:extension:minPinLength: true, webauthn:extension:prf: true, webauthn:virtualAuthenticators: true}
Element: [[ChromeDriver: chrome on windows (863f7277cbdda100017e9517d6215243)] -> xpath: //span[@class='facet-checkbox__text']]
Session ID: 863f7277cbdda100017e9517d6215243
at org.openqa.selenium.remote.ErrorCodec.decode(ErrorCodec.java:167)
at org.openqa.selenium.remote.codec.w3c.W3CHttpResponseCodec.decode(W3CHttpResponseCodec.java:142)
at org.openqa.selenium.remote.codec.w3c.W3CHttpResponseCodec.decode(W3CHttpResponseCodec.java:49)
at org.openqa.selenium.remote.HttpCommandExecutor.execute(HttpCommandExecutor.java:215)
at org.openqa.selenium.remote.service.DriverCommandExecutor.invokeExecute(DriverCommandExecutor.java:216)
at org.openqa.selenium.remote.service.DriverCommandExecutor.execute(DriverCommandExecutor.java:174)
at org.openqa.selenium.remote.RemoteWebDriver.execute(RemoteWebDriver.java:561)
at org.openqa.selenium.remote.RemoteWebElement.execute(RemoteWebElement.java:223)
at org.openqa.selenium.remote.RemoteWebElement.getText(RemoteWebElement.java:191)
at Tests.ProductlistingpageTest.appliedFilters(ProductlistingpageTest.java:53)
at java.base/java.util.ArrayList.forEach(ArrayList.java:1596)
... Removed 28 stack frames]]>
    </failure>
  </testcase> <!-- appliedFilters -->
  <testcase classname="Tests.ProductlistingpageTest" name="relevantProdutRedirection" time="2.531"/>
  <testcase classname="Tests.ProductlistingpageTest" name="clearFilters" time="5.604"/>
  <testcase classname="Tests.ProductlistingpageTest" name="addToCartFromPLP" time="6.649"/>
  <testcase classname="Tests.ProductlistingpageTest" name="youMayAlsoLikeSection" time="0.631"/>
  <testcase classname="Tests.ProductlistingpageTest" name="beautyArchivesSection" time="0.567"/>
  <testcase classname="Tests.ProductlistingpageTest" name="viewAllRedirection" time="2.333"/>
  <testcase classname="Tests.ProductlistingpageTest" name="faqsSection" time="0.608"/>
  <testcase classname="Tests.ProductlistingpageTest" name="writeToUsRedirection" time="1.788"/>
  <testcase classname="Tests.ProductdetaislTest" name="hpToPlpNavigation" time="10.698"/>
  <testcase classname="Tests.ProductdetaislTest" name="pdpToPlpNavigation" time="7.607"/>
  <testcase classname="Tests.ProductdetaislTest" name="invalidPincodeCheck" time="1.255"/>
  <testcase classname="Tests.ProductdetaislTest" name="validPincodeCheck" time="0.955"/>
  <testcase classname="Tests.ProductdetaislTest" name="addToCartFromPDP" time="2.429"/>
  <testcase classname="Tests.ProductdetaislTest" name="quantityIncrease" time="4.644"/>
  <testcase classname="Tests.ProductdetaislTest" name="quantityDecrease" time="4.564"/>
  <testcase classname="Tests.ProductdetaislTest" name="reviewsSection" time="2.369"/>
  <testcase classname="Tests.ProductdetaislTest" name="detailsSection" time="2.326"/>
  <testcase classname="Tests.ProductdetaislTest" name="youMayAlsoLikeSectionPDP" time="2.37"/>
  <testcase classname="Tests.CartTest" name="emptyCart" time="8.742"/>
  <testcase classname="Tests.CartTest" name="addToCartFromPDP" time="17.117"/>
  <testcase classname="Tests.CartTest" name="priceUpdateVerification" time="2.222"/>
  <testcase classname="Tests.CartTest" name="freeBieProduct" time="0.037"/>
  <testcase classname="Tests.CartTest" name="checkout" time="6.402"/>
</testsuite> <!-- Test -->
