<html>
<head>
<title>TestNG:  Test</title>
<link href="../testng.css" rel="stylesheet" type="text/css" />
<link href="../my-testng.css" rel="stylesheet" type="text/css" />

<style type="text/css">
.log { display: none;} 
.stack-trace { display: none;} 
</style>
<script type="text/javascript">
<!--
function flip(e) {
  current = e.style.display;
  if (current == 'block') {
    e.style.display = 'none';
    return 0;
  }
  else {
    e.style.display = 'block';
    return 1;
  }
}

function toggleBox(szDivId, elem, msg1, msg2)
{
  var res = -1;  if (document.getElementById) {
    res = flip(document.getElementById(szDivId));
  }
  else if (document.all) {
    // this is the way old msie versions work
    res = flip(document.all[szDivId]);
  }
  if(elem) {
    if(res == 0) elem.innerHTML = msg1; else elem.innerHTML = msg2;
  }

}

function toggleAllBoxes() {
  if (document.getElementsByTagName) {
    d = document.getElementsByTagName('div');
    for (i = 0; i < d.length; i++) {
      if (d[i].className == 'log') {
        flip(d[i]);
      }
    }
  }
}

// -->
</script>

</head>
<body>
<h2 align='center'>Test</h2><table border='1' align="center">
<tr>
<td>Tests passed/Failed/Skipped:</td><td>51/2/1</td>
</tr><tr>
<td>Started on:</td><td>Thu Feb 19 10:36:21 IST 2026</td>
</tr>
<tr><td>Total time:</td><td>552 seconds (552295 ms)</td>
</tr><tr>
<td>Included groups:</td><td></td>
</tr><tr>
<td>Excluded groups:</td><td></td>
</tr>
</table><p/>
<small><i>(Hover the method name to see the test class name)</i></small><p/>
<table width='100%' border='1' class='invocation-failed'>
<tr><td colspan='4' align='center'><b>FAILED TESTS</b></td></tr>
<tr><td><b>Test method</b></td>
<td><b>Attribute(s)</b></td>
<td width="30%"><b>Exception</b></td>
<td width="10%"><b>Time (seconds)</b></td>
<td><b>Instance</b></td>
</tr>
<tr>
<td title='Tests.CartTest.addToCartFromPDP()'><b>addToCartFromPDP</b><br>Test class: Tests.CartTest</td>
<td><div><pre>org.openqa.selenium.TimeoutException: Expected condition failed: waiting for visibility of Proxy element for: DefaultElementLocator &apos;By.xpath: //div[@class=&apos;gokwik-checkout&apos;]&apos; (tried for 10 second(s) with 500 milliseconds interval)
	at org.openqa.selenium.support.ui.WebDriverWait.timeoutException(WebDriverWait.java:84)
	at org.openqa.selenium.support.ui.FluentWait.until(FluentWait.java:228)
	at genericUtility.webdriverUtility.waitUntilElementIsVisible(webdriverUtility.java:412)
	at Tests.CartTest.addToCartFromPDP(CartTest.java:65)
	at java.base/java.util.ArrayList.forEach(ArrayList.java:1596)
Caused by: org.openqa.selenium.NoSuchElementException: no such element: Unable to locate element: {&quot;method&quot;:&quot;xpath&quot;,&quot;selector&quot;:&quot;//div[@class=&apos;gokwik-checkout&apos;]&quot;}
  (Session info: chrome=145.0.7632.109)
For documentation on this error, please visit: https://www.selenium.dev/documentation/webdriver/troubleshooting/errors#nosuchelementexception
Build info: version: &apos;4.39.0&apos;, revision: &apos;126f156aee&apos;
System info: os.name: &apos;Windows 11&apos;, os.arch: &apos;amd64&apos;, os.version: &apos;10.0&apos;, java.version: &apos;21.0.9&apos;
Driver info: org.openqa.selenium.chrome.ChromeDriver
Command: [54b498ed32d41a3a79046f1909e6adbd, findElement {value=//div[@class=&apos;gokwik-checkout&apos;], using=xpath}]
Capabilities {acceptInsecureCerts: false, browserName: chrome, browserVersion: 145.0.7632.109, chrome: {chromedriverVersion: 145.0.7632.77 (da516187054a..., userDataDir: C:\Users\OrCon\AppData\Loca...}, fedcm:accounts: true, goog:chromeOptions: {debuggerAddress: localhost:52113}, goog:processID: 10128, networkConnectionEnabled: false, pageLoadStrategy: normal, platformName: windows, proxy: Proxy(), se:cdp: ws://localhost:52113/devtoo..., se:cdpVersion: 145.0.7632.109, setWindowRect: true, strictFileInteractability: false, timeouts: {implicit: 0, pageLoad: 300000, script: 30000}, unhandledPromptBehavior: dismiss and notify, webauthn:extension:credBlob: true, webauthn:extension:largeBlob: true, webauthn:extension:minPinLength: true, webauthn:extension:prf: true, webauthn:virtualAuthenticators: true}
Session ID: 54b498ed32d41a3a79046f1909e6adbd
	at org.openqa.selenium.remote.ErrorCodec.decode(ErrorCodec.java:167)
	at org.openqa.selenium.remote.codec.w3c.W3CHttpResponseCodec.decode(W3CHttpResponseCodec.java:142)
	at org.openqa.selenium.remote.codec.w3c.W3CHttpResponseCodec.decode(W3CHttpResponseCodec.java:49)
	at org.openqa.selenium.remote.HttpCommandExecutor.execute(HttpCommandExecutor.java:215)
	at org.openqa.selenium.remote.service.DriverCommandExecutor.invokeExecute(DriverCommandExecutor.java:216)
	at org.openqa.selenium.remote.service.DriverCommandExecutor.execute(DriverCommandExecutor.java:174)
	at org.openqa.selenium.remote.RemoteWebDriver.execute(RemoteWebDriver.java:561)
	at org.openqa.selenium.remote.ElementLocation$ElementFinder$2.findElement(ElementLocation.java:166)
	at org.openqa.selenium.remote.ElementLocation.findElement(ElementLocation.java:60)
	at org.openqa.selenium.remote.RemoteWebDriver.findElement(RemoteWebDriver.java:384)
	at org.openqa.selenium.remote.RemoteWebDriver.findElement(RemoteWebDriver.java:378)
	at org.openqa.selenium.support.pagefactory.DefaultElementLocator.findElement(DefaultElementLocator.java:68)
	at org.openqa.selenium.support.pagefactory.internal.LocatingElementHandler.invoke(LocatingElementHandler.java:38)
	at jdk.proxy2/jdk.proxy2.$Proxy12.isDisplayed(Unknown Source)
	at org.openqa.selenium.support.ui.ExpectedConditions.elementIfVisible(ExpectedConditions.java:308)
	at org.openqa.selenium.support.ui.ExpectedConditions$10.apply(ExpectedConditions.java:294)
	at org.openqa.selenium.support.ui.ExpectedConditions$10.apply(ExpectedConditions.java:291)
	at org.openqa.selenium.support.ui.FluentWait.until(FluentWait.java:203)
	... 28 more
... Removed 28 stack frames</pre></div><a href='#' onClick='toggleBox("stack-trace341168373", this, "Click to show all stack frames", "Click to hide stack frames")'>Click to show all stack frames</a>
<div class='stack-trace' id='stack-trace341168373'><pre>org.openqa.selenium.TimeoutException: Expected condition failed: waiting for visibility of Proxy element for: DefaultElementLocator &apos;By.xpath: //div[@class=&apos;gokwik-checkout&apos;]&apos; (tried for 10 second(s) with 500 milliseconds interval)
	at org.openqa.selenium.support.ui.WebDriverWait.timeoutException(WebDriverWait.java:84)
	at org.openqa.selenium.support.ui.FluentWait.until(FluentWait.java:228)
	at genericUtility.webdriverUtility.waitUntilElementIsVisible(webdriverUtility.java:412)
	at Tests.CartTest.addToCartFromPDP(CartTest.java:65)
	at java.base/jdk.internal.reflect.DirectMethodHandleAccessor.invoke(DirectMethodHandleAccessor.java:103)
	at java.base/java.lang.reflect.Method.invoke(Method.java:580)
	at org.testng.internal.invokers.MethodInvocationHelper.invokeMethod(MethodInvocationHelper.java:141)
	at org.testng.internal.invokers.TestInvoker.invokeMethod(TestInvoker.java:687)
	at org.testng.internal.invokers.TestInvoker.invokeTestMethod(TestInvoker.java:230)
	at org.testng.internal.invokers.MethodRunner.runInSequence(MethodRunner.java:63)
	at org.testng.internal.invokers.TestInvoker$MethodInvocationAgent.invoke(TestInvoker.java:995)
	at org.testng.internal.invokers.TestInvoker.invokeTestMethods(TestInvoker.java:203)
	at org.testng.internal.invokers.TestMethodWorker.invokeTestMethods(TestMethodWorker.java:154)
	at org.testng.internal.invokers.TestMethodWorker.run(TestMethodWorker.java:134)
	at java.base/java.util.ArrayList.forEach(ArrayList.java:1596)
	at org.testng.TestRunner.privateRun(TestRunner.java:741)
	at org.testng.TestRunner.run(TestRunner.java:616)
	at org.testng.SuiteRunner.runTest(SuiteRunner.java:421)
	at org.testng.SuiteRunner.runSequentially(SuiteRunner.java:413)
	at org.testng.SuiteRunner.privateRun(SuiteRunner.java:373)
	at org.testng.SuiteRunner.run(SuiteRunner.java:312)
	at org.testng.SuiteRunnerWorker.runSuite(SuiteRunnerWorker.java:52)
	at org.testng.SuiteRunnerWorker.run(SuiteRunnerWorker.java:95)
	at org.testng.TestNG.runSuitesSequentially(TestNG.java:1274)
	at org.testng.TestNG.runSuitesLocally(TestNG.java:1208)
	at org.testng.TestNG.runSuites(TestNG.java:1112)
	at org.testng.TestNG.run(TestNG.java:1079)
	at org.testng.remote.AbstractRemoteTestNG.run(AbstractRemoteTestNG.java:115)
	at org.testng.remote.RemoteTestNG.initAndRun(RemoteTestNG.java:293)
	at org.testng.remote.RemoteTestNG.main(RemoteTestNG.java:91)
Caused by: org.openqa.selenium.NoSuchElementException: no such element: Unable to locate element: {&quot;method&quot;:&quot;xpath&quot;,&quot;selector&quot;:&quot;//div[@class=&apos;gokwik-checkout&apos;]&quot;}
  (Session info: chrome=145.0.7632.109)
For documentation on this error, please visit: https://www.selenium.dev/documentation/webdriver/troubleshooting/errors#nosuchelementexception
Build info: version: &apos;4.39.0&apos;, revision: &apos;126f156aee&apos;
System info: os.name: &apos;Windows 11&apos;, os.arch: &apos;amd64&apos;, os.version: &apos;10.0&apos;, java.version: &apos;21.0.9&apos;
Driver info: org.openqa.selenium.chrome.ChromeDriver
Command: [54b498ed32d41a3a79046f1909e6adbd, findElement {value=//div[@class=&apos;gokwik-checkout&apos;], using=xpath}]
Capabilities {acceptInsecureCerts: false, browserName: chrome, browserVersion: 145.0.7632.109, chrome: {chromedriverVersion: 145.0.7632.77 (da516187054a..., userDataDir: C:\Users\OrCon\AppData\Loca...}, fedcm:accounts: true, goog:chromeOptions: {debuggerAddress: localhost:52113}, goog:processID: 10128, networkConnectionEnabled: false, pageLoadStrategy: normal, platformName: windows, proxy: Proxy(), se:cdp: ws://localhost:52113/devtoo..., se:cdpVersion: 145.0.7632.109, setWindowRect: true, strictFileInteractability: false, timeouts: {implicit: 0, pageLoad: 300000, script: 30000}, unhandledPromptBehavior: dismiss and notify, webauthn:extension:credBlob: true, webauthn:extension:largeBlob: true, webauthn:extension:minPinLength: true, webauthn:extension:prf: true, webauthn:virtualAuthenticators: true}
Session ID: 54b498ed32d41a3a79046f1909e6adbd
	at java.base/jdk.internal.reflect.DirectConstructorHandleAccessor.newInstance(DirectConstructorHandleAccessor.java:62)
	at java.base/java.lang.reflect.Constructor.newInstanceWithCaller(Constructor.java:502)
	at java.base/java.lang.reflect.Constructor.newInstance(Constructor.java:486)
	at org.openqa.selenium.remote.ErrorCodec.decode(ErrorCodec.java:167)
	at org.openqa.selenium.remote.codec.w3c.W3CHttpResponseCodec.decode(W3CHttpResponseCodec.java:142)
	at org.openqa.selenium.remote.codec.w3c.W3CHttpResponseCodec.decode(W3CHttpResponseCodec.java:49)
	at org.openqa.selenium.remote.HttpCommandExecutor.execute(HttpCommandExecutor.java:215)
	at org.openqa.selenium.remote.service.DriverCommandExecutor.invokeExecute(DriverCommandExecutor.java:216)
	at org.openqa.selenium.remote.service.DriverCommandExecutor.execute(DriverCommandExecutor.java:174)
	at org.openqa.selenium.remote.RemoteWebDriver.execute(RemoteWebDriver.java:561)
	at org.openqa.selenium.remote.ElementLocation$ElementFinder$2.findElement(ElementLocation.java:166)
	at org.openqa.selenium.remote.ElementLocation.findElement(ElementLocation.java:60)
	at org.openqa.selenium.remote.RemoteWebDriver.findElement(RemoteWebDriver.java:384)
	at org.openqa.selenium.remote.RemoteWebDriver.findElement(RemoteWebDriver.java:378)
	at org.openqa.selenium.support.pagefactory.DefaultElementLocator.findElement(DefaultElementLocator.java:68)
	at org.openqa.selenium.support.pagefactory.internal.LocatingElementHandler.invoke(LocatingElementHandler.java:38)
	at jdk.proxy2/jdk.proxy2.$Proxy12.isDisplayed(Unknown Source)
	at org.openqa.selenium.support.ui.ExpectedConditions.elementIfVisible(ExpectedConditions.java:308)
	at org.openqa.selenium.support.ui.ExpectedConditions$10.apply(ExpectedConditions.java:294)
	at org.openqa.selenium.support.ui.ExpectedConditions$10.apply(ExpectedConditions.java:291)
	at org.openqa.selenium.support.ui.FluentWait.until(FluentWait.java:203)
	... 28 more
</pre></div></td>
<td>24</td>
<td>Tests.CartTest@59cda16e</td></tr>
<tr>
<td title='Tests.CartTest.freeBieProduct()'><b>freeBieProduct</b><br>Test class: Tests.CartTest</td>
<td><div><pre>org.openqa.selenium.NoSuchElementException: no such element: Unable to locate element: {&quot;method&quot;:&quot;xpath&quot;,&quot;selector&quot;:&quot;//div[@class=&apos;freebie-text&apos;]&quot;}
  (Session info: chrome=145.0.7632.109)
For documentation on this error, please visit: https://www.selenium.dev/documentation/webdriver/troubleshooting/errors#nosuchelementexception
Build info: version: &apos;4.39.0&apos;, revision: &apos;126f156aee&apos;
System info: os.name: &apos;Windows 11&apos;, os.arch: &apos;amd64&apos;, os.version: &apos;10.0&apos;, java.version: &apos;21.0.9&apos;
Driver info: org.openqa.selenium.chrome.ChromeDriver
Command: [54b498ed32d41a3a79046f1909e6adbd, findElement {value=//div[@class=&apos;freebie-text&apos;], using=xpath}]
Capabilities {acceptInsecureCerts: false, browserName: chrome, browserVersion: 145.0.7632.109, chrome: {chromedriverVersion: 145.0.7632.77 (da516187054a..., userDataDir: C:\Users\OrCon\AppData\Loca...}, fedcm:accounts: true, goog:chromeOptions: {debuggerAddress: localhost:52113}, goog:processID: 10128, networkConnectionEnabled: false, pageLoadStrategy: normal, platformName: windows, proxy: Proxy(), se:cdp: ws://localhost:52113/devtoo..., se:cdpVersion: 145.0.7632.109, setWindowRect: true, strictFileInteractability: false, timeouts: {implicit: 0, pageLoad: 300000, script: 30000}, unhandledPromptBehavior: dismiss and notify, webauthn:extension:credBlob: true, webauthn:extension:largeBlob: true, webauthn:extension:minPinLength: true, webauthn:extension:prf: true, webauthn:virtualAuthenticators: true}
Session ID: 54b498ed32d41a3a79046f1909e6adbd
	at org.openqa.selenium.remote.ErrorCodec.decode(ErrorCodec.java:167)
	at org.openqa.selenium.remote.codec.w3c.W3CHttpResponseCodec.decode(W3CHttpResponseCodec.java:142)
	at org.openqa.selenium.remote.codec.w3c.W3CHttpResponseCodec.decode(W3CHttpResponseCodec.java:49)
	at org.openqa.selenium.remote.HttpCommandExecutor.execute(HttpCommandExecutor.java:215)
	at org.openqa.selenium.remote.service.DriverCommandExecutor.invokeExecute(DriverCommandExecutor.java:216)
	at org.openqa.selenium.remote.service.DriverCommandExecutor.execute(DriverCommandExecutor.java:174)
	at org.openqa.selenium.remote.RemoteWebDriver.execute(RemoteWebDriver.java:561)
	at org.openqa.selenium.remote.ElementLocation$ElementFinder$2.findElement(ElementLocation.java:166)
	at org.openqa.selenium.remote.ElementLocation.findElement(ElementLocation.java:60)
	at org.openqa.selenium.remote.RemoteWebDriver.findElement(RemoteWebDriver.java:384)
	at org.openqa.selenium.remote.RemoteWebDriver.findElement(RemoteWebDriver.java:378)
	at org.openqa.selenium.support.pagefactory.DefaultElementLocator.findElement(DefaultElementLocator.java:68)
	at org.openqa.selenium.support.pagefactory.internal.LocatingElementHandler.invoke(LocatingElementHandler.java:38)
	at jdk.proxy2/jdk.proxy2.$Proxy12.isDisplayed(Unknown Source)
	at Tests.CartTest.freeBieProduct(CartTest.java:133)
	at java.base/java.util.ArrayList.forEach(ArrayList.java:1596)
... Removed 28 stack frames</pre></div><a href='#' onClick='toggleBox("stack-trace192828337", this, "Click to show all stack frames", "Click to hide stack frames")'>Click to show all stack frames</a>
<div class='stack-trace' id='stack-trace192828337'><pre>org.openqa.selenium.NoSuchElementException: no such element: Unable to locate element: {&quot;method&quot;:&quot;xpath&quot;,&quot;selector&quot;:&quot;//div[@class=&apos;freebie-text&apos;]&quot;}
  (Session info: chrome=145.0.7632.109)
For documentation on this error, please visit: https://www.selenium.dev/documentation/webdriver/troubleshooting/errors#nosuchelementexception
Build info: version: &apos;4.39.0&apos;, revision: &apos;126f156aee&apos;
System info: os.name: &apos;Windows 11&apos;, os.arch: &apos;amd64&apos;, os.version: &apos;10.0&apos;, java.version: &apos;21.0.9&apos;
Driver info: org.openqa.selenium.chrome.ChromeDriver
Command: [54b498ed32d41a3a79046f1909e6adbd, findElement {value=//div[@class=&apos;freebie-text&apos;], using=xpath}]
Capabilities {acceptInsecureCerts: false, browserName: chrome, browserVersion: 145.0.7632.109, chrome: {chromedriverVersion: 145.0.7632.77 (da516187054a..., userDataDir: C:\Users\OrCon\AppData\Loca...}, fedcm:accounts: true, goog:chromeOptions: {debuggerAddress: localhost:52113}, goog:processID: 10128, networkConnectionEnabled: false, pageLoadStrategy: normal, platformName: windows, proxy: Proxy(), se:cdp: ws://localhost:52113/devtoo..., se:cdpVersion: 145.0.7632.109, setWindowRect: true, strictFileInteractability: false, timeouts: {implicit: 0, pageLoad: 300000, script: 30000}, unhandledPromptBehavior: dismiss and notify, webauthn:extension:credBlob: true, webauthn:extension:largeBlob: true, webauthn:extension:minPinLength: true, webauthn:extension:prf: true, webauthn:virtualAuthenticators: true}
Session ID: 54b498ed32d41a3a79046f1909e6adbd
	at java.base/jdk.internal.reflect.DirectConstructorHandleAccessor.newInstance(DirectConstructorHandleAccessor.java:62)
	at java.base/java.lang.reflect.Constructor.newInstanceWithCaller(Constructor.java:502)
	at java.base/java.lang.reflect.Constructor.newInstance(Constructor.java:486)
	at org.openqa.selenium.remote.ErrorCodec.decode(ErrorCodec.java:167)
	at org.openqa.selenium.remote.codec.w3c.W3CHttpResponseCodec.decode(W3CHttpResponseCodec.java:142)
	at org.openqa.selenium.remote.codec.w3c.W3CHttpResponseCodec.decode(W3CHttpResponseCodec.java:49)
	at org.openqa.selenium.remote.HttpCommandExecutor.execute(HttpCommandExecutor.java:215)
	at org.openqa.selenium.remote.service.DriverCommandExecutor.invokeExecute(DriverCommandExecutor.java:216)
	at org.openqa.selenium.remote.service.DriverCommandExecutor.execute(DriverCommandExecutor.java:174)
	at org.openqa.selenium.remote.RemoteWebDriver.execute(RemoteWebDriver.java:561)
	at org.openqa.selenium.remote.ElementLocation$ElementFinder$2.findElement(ElementLocation.java:166)
	at org.openqa.selenium.remote.ElementLocation.findElement(ElementLocation.java:60)
	at org.openqa.selenium.remote.RemoteWebDriver.findElement(RemoteWebDriver.java:384)
	at org.openqa.selenium.remote.RemoteWebDriver.findElement(RemoteWebDriver.java:378)
	at org.openqa.selenium.support.pagefactory.DefaultElementLocator.findElement(DefaultElementLocator.java:68)
	at org.openqa.selenium.support.pagefactory.internal.LocatingElementHandler.invoke(LocatingElementHandler.java:38)
	at jdk.proxy2/jdk.proxy2.$Proxy12.isDisplayed(Unknown Source)
	at Tests.CartTest.freeBieProduct(CartTest.java:133)
	at java.base/jdk.internal.reflect.DirectMethodHandleAccessor.invoke(DirectMethodHandleAccessor.java:103)
	at java.base/java.lang.reflect.Method.invoke(Method.java:580)
	at org.testng.internal.invokers.MethodInvocationHelper.invokeMethod(MethodInvocationHelper.java:141)
	at org.testng.internal.invokers.TestInvoker.invokeMethod(TestInvoker.java:687)
	at org.testng.internal.invokers.TestInvoker.invokeTestMethod(TestInvoker.java:230)
	at org.testng.internal.invokers.MethodRunner.runInSequence(MethodRunner.java:63)
	at org.testng.internal.invokers.TestInvoker$MethodInvocationAgent.invoke(TestInvoker.java:995)
	at org.testng.internal.invokers.TestInvoker.invokeTestMethods(TestInvoker.java:203)
	at org.testng.internal.invokers.TestMethodWorker.invokeTestMethods(TestMethodWorker.java:154)
	at org.testng.internal.invokers.TestMethodWorker.run(TestMethodWorker.java:134)
	at java.base/java.util.ArrayList.forEach(ArrayList.java:1596)
	at org.testng.TestRunner.privateRun(TestRunner.java:741)
	at org.testng.TestRunner.run(TestRunner.java:616)
	at org.testng.SuiteRunner.runTest(SuiteRunner.java:421)
	at org.testng.SuiteRunner.runSequentially(SuiteRunner.java:413)
	at org.testng.SuiteRunner.privateRun(SuiteRunner.java:373)
	at org.testng.SuiteRunner.run(SuiteRunner.java:312)
	at org.testng.SuiteRunnerWorker.runSuite(SuiteRunnerWorker.java:52)
	at org.testng.SuiteRunnerWorker.run(SuiteRunnerWorker.java:95)
	at org.testng.TestNG.runSuitesSequentially(TestNG.java:1274)
	at org.testng.TestNG.runSuitesLocally(TestNG.java:1208)
	at org.testng.TestNG.runSuites(TestNG.java:1112)
	at org.testng.TestNG.run(TestNG.java:1079)
	at org.testng.remote.AbstractRemoteTestNG.run(AbstractRemoteTestNG.java:115)
	at org.testng.remote.RemoteTestNG.initAndRun(RemoteTestNG.java:293)
	at org.testng.remote.RemoteTestNG.main(RemoteTestNG.java:91)
</pre></div></td>
<td>5</td>
<td>Tests.CartTest@59cda16e</td></tr>
</table><p>
<table width='100%' border='1' class='invocation-passed'>
<tr><td colspan='4' align='center'><b>PASSED TESTS</b></td></tr>
<tr><td><b>Test method</b></td>
<td><b>Attribute(s)</b></td>
<td width="30%"><b>Exception</b></td>
<td width="10%"><b>Time (seconds)</b></td>
<td><b>Instance</b></td>
</tr>
<tr>
<td title='Tests.HomepageTest.verifyCollectionTabsNavigation()'><b>verifyCollectionTabsNavigation</b><br>Test class: Tests.HomepageTest</td>
<td></td>
<td>15</td>
<td>Tests.HomepageTest@4745e9c</td></tr>
<tr>
<td title='Tests.ProductdetaislTest.hpToPlpNavigation()'><b>hpToPlpNavigation</b><br>Test class: Tests.ProductdetaislTest</td>
<td></td>
<td>16</td>
<td>Tests.ProductdetaislTest@296e281a</td></tr>
<tr>
<td title='Tests.HomepageTest.contactUsPageNavigation()'><b>contactUsPageNavigation</b><br>Test class: Tests.HomepageTest</td>
<td></td>
<td>2</td>
<td>Tests.HomepageTest@4745e9c</td></tr>
<tr>
<td title='Tests.HomepageTest.verifyCustomerLoveSection()'><b>verifyCustomerLoveSection</b><br>Test class: Tests.HomepageTest</td>
<td></td>
<td>1</td>
<td>Tests.HomepageTest@4745e9c</td></tr>
<tr>
<td title='Tests.HomepageTest.verifyReelsSection()'><b>verifyReelsSection</b><br>Test class: Tests.HomepageTest</td>
<td></td>
<td>0</td>
<td>Tests.HomepageTest@4745e9c</td></tr>
<tr>
<td title='Tests.ProductlistingpageTest.youMayAlsoLikeSection()'><b>youMayAlsoLikeSection</b><br>Test class: Tests.ProductlistingpageTest</td>
<td></td>
<td>0</td>
<td>Tests.ProductlistingpageTest@2f2bff16</td></tr>
<tr>
<td title='Tests.ProductlistingpageTest.writeToUsRedirection()'><b>writeToUsRedirection</b><br>Test class: Tests.ProductlistingpageTest</td>
<td></td>
<td>2</td>
<td>Tests.ProductlistingpageTest@2f2bff16</td></tr>
<tr>
<td title='Tests.ProductlistingpageTest.hpToPlpNavigation()'><b>hpToPlpNavigation</b><br>Test class: Tests.ProductlistingpageTest</td>
<td></td>
<td>11</td>
<td>Tests.ProductlistingpageTest@2f2bff16</td></tr>
<tr>
<td title='Tests.ProductdetaislTest.invalidPincodeCheck()'><b>invalidPincodeCheck</b><br>Test class: Tests.ProductdetaislTest</td>
<td></td>
<td>1</td>
<td>Tests.ProductdetaislTest@296e281a</td></tr>
<tr>
<td title='Tests.HomepageTest.verifyShopByConcernSection()'><b>verifyShopByConcernSection</b><br>Test class: Tests.HomepageTest</td>
<td></td>
<td>25</td>
<td>Tests.HomepageTest@4745e9c</td></tr>
<tr>
<td title='Tests.CartTest.emptyCart()'><b>emptyCart</b><br>Test class: Tests.CartTest</td>
<td></td>
<td>12</td>
<td>Tests.CartTest@59cda16e</td></tr>
<tr>
<td title='Tests.HomepageTest.verifyFooterProductLinks()'><b>verifyFooterProductLinks</b><br>Test class: Tests.HomepageTest</td>
<td></td>
<td>40</td>
<td>Tests.HomepageTest@4745e9c</td></tr>
<tr>
<td title='Tests.HomepageTest.announcementBarNavigation()'><b>announcementBarNavigation</b><br>Test class: Tests.HomepageTest</td>
<td></td>
<td>11</td>
<td>Tests.HomepageTest@4745e9c</td></tr>
<tr>
<td title='Tests.LoginpageTest.login()'><b>login</b><br>Test class: Tests.LoginpageTest</td>
<td></td>
<td>19</td>
<td>Tests.LoginpageTest@2b680207</td></tr>
<tr>
<td title='Tests.ProductlistingpageTest.addToCartFromPLP()'><b>addToCartFromPLP</b><br>Test class: Tests.ProductlistingpageTest</td>
<td></td>
<td>9</td>
<td>Tests.ProductlistingpageTest@2f2bff16</td></tr>
<tr>
<td title='Tests.HomepageTest.verifyDiscoverBeautyBillSection()'><b>verifyDiscoverBeautyBillSection</b><br>Test class: Tests.HomepageTest</td>
<td></td>
<td>3</td>
<td>Tests.HomepageTest@4745e9c</td></tr>
<tr>
<td title='Tests.HomepageTest.verifyProductNavigationFromCollectionTab()'><b>verifyProductNavigationFromCollectionTab</b><br>Test class: Tests.HomepageTest</td>
<td></td>
<td>9</td>
<td>Tests.HomepageTest@4745e9c</td></tr>
<tr>
<td title='Tests.HomepageTest.verifyFooterQuickLinks()'><b>verifyFooterQuickLinks</b><br>Test class: Tests.HomepageTest</td>
<td></td>
<td>20</td>
<td>Tests.HomepageTest@4745e9c</td></tr>
<tr>
<td title='Tests.HomepageTest.verifyFooterConcernLinks()'><b>verifyFooterConcernLinks</b><br>Test class: Tests.HomepageTest</td>
<td></td>
<td>30</td>
<td>Tests.HomepageTest@4745e9c</td></tr>
<tr>
<td title='Tests.HomepageTest.verifyBeautyArchivesSection()'><b>verifyBeautyArchivesSection</b><br>Test class: Tests.HomepageTest</td>
<td></td>
<td>7</td>
<td>Tests.HomepageTest@4745e9c</td></tr>
<tr>
<td title='Tests.HomepageTest.verifyDiscoverOurStorySection()'><b>verifyDiscoverOurStorySection</b><br>Test class: Tests.HomepageTest</td>
<td></td>
<td>8</td>
<td>Tests.HomepageTest@4745e9c</td></tr>
<tr>
<td title='Tests.HomepageTest.aboutUsPageNavigation()'><b>aboutUsPageNavigation</b><br>Test class: Tests.HomepageTest</td>
<td></td>
<td>2</td>
<td>Tests.HomepageTest@4745e9c</td></tr>
<tr>
<td title='Tests.LoginpageTest.createAccount()'><b>createAccount</b><br>Test class: Tests.LoginpageTest</td>
<td></td>
<td>23</td>
<td>Tests.LoginpageTest@2b680207</td></tr>
<tr>
<td title='Tests.ProductdetaislTest.detailsSection()'><b>detailsSection</b><br>Test class: Tests.ProductdetaislTest</td>
<td></td>
<td>2</td>
<td>Tests.ProductdetaislTest@296e281a</td></tr>
<tr>
<td title='Tests.HomepageTest.verifyFooterSocialMediaLinks()'><b>verifyFooterSocialMediaLinks</b><br>Test class: Tests.HomepageTest</td>
<td></td>
<td>18</td>
<td>Tests.HomepageTest@4745e9c</td></tr>
<tr>
<td title='Tests.LoginpageTest.loginPageNavigation()'><b>loginPageNavigation</b><br>Test class: Tests.LoginpageTest</td>
<td></td>
<td>10</td>
<td>Tests.LoginpageTest@2b680207</td></tr>
<tr>
<td title='Tests.ProductlistingpageTest.clearFilters()'><b>clearFilters</b><br>Test class: Tests.ProductlistingpageTest</td>
<td></td>
<td>8</td>
<td>Tests.ProductlistingpageTest@2f2bff16</td></tr>
<tr>
<td title='Tests.HomepageTest.verifyCautionNotice()'><b>verifyCautionNotice</b><br>Test class: Tests.HomepageTest</td>
<td></td>
<td>0</td>
<td>Tests.HomepageTest@4745e9c</td></tr>
<tr>
<td title='Tests.HomepageTest.verifyInTheSpotlightSection()'><b>verifyInTheSpotlightSection</b><br>Test class: Tests.HomepageTest</td>
<td></td>
<td>12</td>
<td>Tests.HomepageTest@4745e9c</td></tr>
<tr>
<td title='Tests.HomepageTest.knowYourIngredientsPageNavigation()'><b>knowYourIngredientsPageNavigation</b><br>Test class: Tests.HomepageTest</td>
<td></td>
<td>2</td>
<td>Tests.HomepageTest@4745e9c</td></tr>
<tr>
<td title='Tests.ProductdetaislTest.pdpToPlpNavigation()'><b>pdpToPlpNavigation</b><br>Test class: Tests.ProductdetaislTest</td>
<td></td>
<td>9</td>
<td>Tests.ProductdetaislTest@296e281a</td></tr>
<tr>
<td title='Tests.HomepageTest.verifyWhatSetsUsApartSection()'><b>verifyWhatSetsUsApartSection</b><br>Test class: Tests.HomepageTest</td>
<td></td>
<td>6</td>
<td>Tests.HomepageTest@4745e9c</td></tr>
<tr>
<td title='Tests.ProductlistingpageTest.faqsSection()'><b>faqsSection</b><br>Test class: Tests.ProductlistingpageTest</td>
<td></td>
<td>0</td>
<td>Tests.ProductlistingpageTest@2f2bff16</td></tr>
<tr>
<td title='Tests.HomepageTest.verifyNewsletterSubscription()'><b>verifyNewsletterSubscription</b><br>Test class: Tests.HomepageTest</td>
<td></td>
<td>12</td>
<td>Tests.HomepageTest@4745e9c</td></tr>
<tr>
<td title='Tests.HomepageTest.megamenuNavigation()'><b>megamenuNavigation</b><br>Test class: Tests.HomepageTest</td>
<td></td>
<td>3</td>
<td>Tests.HomepageTest@4745e9c</td></tr>
<tr>
<td title='Tests.ProductdetaislTest.quantityIncrease()'><b>quantityIncrease</b><br>Test class: Tests.ProductdetaislTest</td>
<td></td>
<td>5</td>
<td>Tests.ProductdetaislTest@296e281a</td></tr>
<tr>
<td title='Tests.ProductdetaislTest.quantityDecrease()'><b>quantityDecrease</b><br>Test class: Tests.ProductdetaislTest</td>
<td></td>
<td>4</td>
<td>Tests.ProductdetaislTest@296e281a</td></tr>
<tr>
<td title='Tests.ProductdetaislTest.reviewsSection()'><b>reviewsSection</b><br>Test class: Tests.ProductdetaislTest</td>
<td></td>
<td>2</td>
<td>Tests.ProductdetaislTest@296e281a</td></tr>
<tr>
<td title='Tests.ProductlistingpageTest.viewAllRedirection()'><b>viewAllRedirection</b><br>Test class: Tests.ProductlistingpageTest</td>
<td></td>
<td>3</td>
<td>Tests.ProductlistingpageTest@2f2bff16</td></tr>
<tr>
<td title='Tests.ProductdetaislTest.youMayAlsoLikeSectionPDP()'><b>youMayAlsoLikeSectionPDP</b><br>Test class: Tests.ProductdetaislTest</td>
<td></td>
<td>2</td>
<td>Tests.ProductdetaislTest@296e281a</td></tr>
<tr>
<td title='Tests.ProductdetaislTest.addToCartFromPDP()'><b>addToCartFromPDP</b><br>Test class: Tests.ProductdetaislTest</td>
<td></td>
<td>2</td>
<td>Tests.ProductdetaislTest@296e281a</td></tr>
<tr>
<td title='Tests.HomepageTest.logoVerification()'><b>logoVerification</b><br>Test class: Tests.HomepageTest</td>
<td></td>
<td>5</td>
<td>Tests.HomepageTest@4745e9c</td></tr>
<tr>
<td title='Tests.HomepageTest.verifyHeroBannerNavigation()'><b>verifyHeroBannerNavigation</b><br>Test class: Tests.HomepageTest</td>
<td></td>
<td>2</td>
<td>Tests.HomepageTest@4745e9c</td></tr>
<tr>
<td title='Tests.ProductlistingpageTest.relevantProdutRedirection()'><b>relevantProdutRedirection</b><br>Test class: Tests.ProductlistingpageTest</td>
<td></td>
<td>5</td>
<td>Tests.ProductlistingpageTest@2f2bff16</td></tr>
<tr>
<td title='Tests.HomepageTest.verifyHeroBannerLinkNavigation()'><b>verifyHeroBannerLinkNavigation</b><br>Test class: Tests.HomepageTest</td>
<td></td>
<td>1</td>
<td>Tests.HomepageTest@4745e9c</td></tr>
<tr>
<td title='Tests.ProductlistingpageTest.appliedFilters()'><b>appliedFilters</b><br>Test class: Tests.ProductlistingpageTest</td>
<td></td>
<td>14</td>
<td>Tests.ProductlistingpageTest@2f2bff16</td></tr>
<tr>
<td title='Tests.ProductlistingpageTest.beautyArchivesSection()'><b>beautyArchivesSection</b><br>Test class: Tests.ProductlistingpageTest</td>
<td></td>
<td>0</td>
<td>Tests.ProductlistingpageTest@2f2bff16</td></tr>
<tr>
<td title='Tests.HomepageTest.verifyFooterLegalLinks()'><b>verifyFooterLegalLinks</b><br>Test class: Tests.HomepageTest</td>
<td></td>
<td>19</td>
<td>Tests.HomepageTest@4745e9c</td></tr>
<tr>
<td title='Tests.ProductdetaislTest.validPincodeCheck()'><b>validPincodeCheck</b><br>Test class: Tests.ProductdetaislTest</td>
<td></td>
<td>1</td>
<td>Tests.ProductdetaislTest@296e281a</td></tr>
<tr>
<td title='Tests.HomepageTest.verifyAddToCartFunctionality()'><b>verifyAddToCartFunctionality</b><br>Test class: Tests.HomepageTest</td>
<td></td>
<td>19</td>
<td>Tests.HomepageTest@4745e9c</td></tr>
<tr>
<td title='Tests.HomepageTest.beautyArchivesPageNavigation()'><b>beautyArchivesPageNavigation</b><br>Test class: Tests.HomepageTest</td>
<td></td>
<td>2</td>
<td>Tests.HomepageTest@4745e9c</td></tr>
</table><p>
<table width='100%' border='1' class='invocation-skipped'>
<tr><td colspan='4' align='center'><b>SKIPPED TESTS</b></td></tr>
<tr><td><b>Test method</b></td>
<td><b>Attribute(s)</b></td>
<td width="30%"><b>Exception</b></td>
<td width="10%"><b>Time (seconds)</b></td>
<td><b>Instance</b></td>
</tr>
<tr>
<td title='Tests.CartTest.checkout()'><b>checkout</b><br>Test class: Tests.CartTest</td>
<td><div><pre>java.lang.Throwable: Method Tests.CartTest.checkout() on instance Tests.CartTest@59cda16e depends on not successfully finished methods 
[Tests.CartTest.freeBieProduct() on instance Tests.CartTest@59cda16e]
	at java.base/java.util.ArrayList.forEach(ArrayList.java:1596)
... Removed 18 stack frames</pre></div><a href='#' onClick='toggleBox("stack-trace1725899109", this, "Click to show all stack frames", "Click to hide stack frames")'>Click to show all stack frames</a>
<div class='stack-trace' id='stack-trace1725899109'><pre>java.lang.Throwable: Method Tests.CartTest.checkout() on instance Tests.CartTest@59cda16e depends on not successfully finished methods 
[Tests.CartTest.freeBieProduct() on instance Tests.CartTest@59cda16e]
	at org.testng.internal.invokers.TestInvoker.invokeTestMethods(TestInvoker.java:159)
	at org.testng.internal.invokers.TestMethodWorker.invokeTestMethods(TestMethodWorker.java:154)
	at org.testng.internal.invokers.TestMethodWorker.run(TestMethodWorker.java:134)
	at java.base/java.util.ArrayList.forEach(ArrayList.java:1596)
	at org.testng.TestRunner.privateRun(TestRunner.java:741)
	at org.testng.TestRunner.run(TestRunner.java:616)
	at org.testng.SuiteRunner.runTest(SuiteRunner.java:421)
	at org.testng.SuiteRunner.runSequentially(SuiteRunner.java:413)
	at org.testng.SuiteRunner.privateRun(SuiteRunner.java:373)
	at org.testng.SuiteRunner.run(SuiteRunner.java:312)
	at org.testng.SuiteRunnerWorker.runSuite(SuiteRunnerWorker.java:52)
	at org.testng.SuiteRunnerWorker.run(SuiteRunnerWorker.java:95)
	at org.testng.TestNG.runSuitesSequentially(TestNG.java:1274)
	at org.testng.TestNG.runSuitesLocally(TestNG.java:1208)
	at org.testng.TestNG.runSuites(TestNG.java:1112)
	at org.testng.TestNG.run(TestNG.java:1079)
	at org.testng.remote.AbstractRemoteTestNG.run(AbstractRemoteTestNG.java:115)
	at org.testng.remote.RemoteTestNG.initAndRun(RemoteTestNG.java:293)
	at org.testng.remote.RemoteTestNG.main(RemoteTestNG.java:91)
</pre></div></td>
<td>0</td>
<td>Tests.CartTest@59cda16e</td></tr>
</table><p>
</body>
</html>