<?xml version="1.0" encoding="UTF-8"?>
<testng-results ignored="0" total="54" passed="54" failed="0" skipped="0">
  <reporter-output>
  </reporter-output>
  <suite started-at="2026-03-10T16:59:13 IST" name="Suite" finished-at="2026-03-10T17:05:04 IST" duration-ms="350564">
    <groups>
    </groups>
    <test started-at="2026-03-10T16:59:13 IST" name="Test" finished-at="2026-03-10T17:05:04 IST" duration-ms="350564">
      <class name="Tests.CartTest">
        <test-method is-config="true" signature="launchApplication()[pri:0, instance:Tests.CartTest@3119cf6f]" started-at="2026-03-10T17:04:28 IST" name="launchApplication" finished-at="2026-03-10T17:04:35 IST" duration-ms="7317" status="PASS">
          <reporter-output>
          </reporter-output>
        </test-method> <!-- launchApplication -->
        <test-method signature="emptyCart()[pri:1, instance:Tests.CartTest@3119cf6f]" started-at="2026-03-10T17:04:35 IST" name="emptyCart" finished-at="2026-03-10T17:04:42 IST" duration-ms="6534" status="PASS">
          <reporter-output>
          </reporter-output>
        </test-method> <!-- emptyCart -->
        <test-method signature="addToCartFromPDP()[pri:2, instance:Tests.CartTest@3119cf6f]" started-at="2026-03-10T17:04:42 IST" name="addToCartFromPDP" finished-at="2026-03-10T17:04:56 IST" duration-ms="14030" status="PASS">
          <reporter-output>
          </reporter-output>
        </test-method> <!-- addToCartFromPDP -->
        <test-method signature="priceUpdateVerification()[pri:3, instance:Tests.CartTest@3119cf6f]" started-at="2026-03-10T17:04:56 IST" name="priceUpdateVerification" finished-at="2026-03-10T17:04:58 IST" duration-ms="2069" status="PASS">
          <reporter-output>
          </reporter-output>
        </test-method> <!-- priceUpdateVerification -->
        <test-method signature="freeBieProduct()[pri:4, instance:Tests.CartTest@3119cf6f]" started-at="2026-03-10T17:04:58 IST" name="freeBieProduct" finished-at="2026-03-10T17:04:58 IST" duration-ms="81" status="PASS">
          <reporter-output>
          </reporter-output>
        </test-method> <!-- freeBieProduct -->
        <test-method signature="checkout()[pri:5, instance:Tests.CartTest@3119cf6f]" started-at="2026-03-10T17:04:58 IST" name="checkout" finished-at="2026-03-10T17:05:03 IST" depends-on-methods="Tests.CartTest.freeBieProduct" duration-ms="5356" status="PASS">
          <reporter-output>
          </reporter-output>
        </test-method> <!-- checkout -->
        <test-method is-config="true" signature="teardown()[pri:0, instance:Tests.CartTest@3119cf6f]" started-at="2026-03-10T17:05:03 IST" name="teardown" finished-at="2026-03-10T17:05:04 IST" duration-ms="532" status="PASS">
          <reporter-output>
          </reporter-output>
        </test-method> <!-- teardown -->
      </class> <!-- Tests.CartTest -->
      <class name="Tests.LoginpageTest">
        <test-method is-config="true" signature="launchApplication()[pri:0, instance:Tests.LoginpageTest@4d6ccc97]" started-at="2026-03-10T16:59:13 IST" name="launchApplication" finished-at="2026-03-10T16:59:19 IST" duration-ms="5566" status="PASS">
          <reporter-output>
          </reporter-output>
        </test-method> <!-- launchApplication -->
        <test-method signature="loginPageNavigation()[pri:1, instance:Tests.LoginpageTest@4d6ccc97]" started-at="2026-03-10T16:59:19 IST" name="loginPageNavigation" finished-at="2026-03-10T16:59:25 IST" duration-ms="6150" status="PASS">
          <reporter-output>
          </reporter-output>
        </test-method> <!-- loginPageNavigation -->
        <test-method signature="createAccount()[pri:2, instance:Tests.LoginpageTest@4d6ccc97]" started-at="2026-03-10T16:59:25 IST" name="createAccount" finished-at="2026-03-10T16:59:39 IST" duration-ms="14541" status="PASS">
          <reporter-output>
          </reporter-output>
        </test-method> <!-- createAccount -->
        <test-method signature="login()[pri:3, instance:Tests.LoginpageTest@4d6ccc97]" started-at="2026-03-10T16:59:39 IST" name="login" finished-at="2026-03-10T16:59:53 IST" duration-ms="13395" status="PASS">
          <reporter-output>
          </reporter-output>
        </test-method> <!-- login -->
        <test-method is-config="true" signature="teardown()[pri:0, instance:Tests.LoginpageTest@4d6ccc97]" started-at="2026-03-10T16:59:53 IST" name="teardown" finished-at="2026-03-10T16:59:53 IST" duration-ms="476" status="PASS">
          <reporter-output>
          </reporter-output>
        </test-method> <!-- teardown -->
      </class> <!-- Tests.LoginpageTest -->
      <class name="Tests.ProductlistingpageTest">
        <test-method is-config="true" signature="launchApplication()[pri:0, instance:Tests.ProductlistingpageTest@2b0b7e5a]" started-at="2026-03-10T17:03:04 IST" name="launchApplication" finished-at="2026-03-10T17:03:11 IST" duration-ms="6896" status="PASS">
          <reporter-output>
          </reporter-output>
        </test-method> <!-- launchApplication -->
        <test-method signature="hpToPlpNavigation()[pri:1, instance:Tests.ProductlistingpageTest@2b0b7e5a]" started-at="2026-03-10T17:03:11 IST" name="hpToPlpNavigation" finished-at="2026-03-10T17:03:18 IST" duration-ms="6273" status="PASS">
          <reporter-output>
          </reporter-output>
        </test-method> <!-- hpToPlpNavigation -->
        <test-method signature="appliedFilters()[pri:2, instance:Tests.ProductlistingpageTest@2b0b7e5a]" started-at="2026-03-10T17:03:18 IST" name="appliedFilters" finished-at="2026-03-10T17:03:25 IST" duration-ms="7889" status="PASS">
          <reporter-output>
          </reporter-output>
        </test-method> <!-- appliedFilters -->
        <test-method signature="filteredproducts()[pri:3, instance:Tests.ProductlistingpageTest@2b0b7e5a]" started-at="2026-03-10T17:03:25 IST" name="filteredproducts" finished-at="2026-03-10T17:03:29 IST" duration-ms="3050" status="PASS">
          <reporter-output>
          </reporter-output>
        </test-method> <!-- filteredproducts -->
        <test-method signature="clearFilters()[pri:4, instance:Tests.ProductlistingpageTest@2b0b7e5a]" started-at="2026-03-10T17:03:29 IST" name="clearFilters" finished-at="2026-03-10T17:03:33 IST" duration-ms="4303" status="PASS">
          <reporter-output>
          </reporter-output>
        </test-method> <!-- clearFilters -->
        <test-method signature="addToCartFromPLP()[pri:5, instance:Tests.ProductlistingpageTest@2b0b7e5a]" started-at="2026-03-10T17:03:33 IST" name="addToCartFromPLP" finished-at="2026-03-10T17:03:38 IST" duration-ms="5044" status="PASS">
          <reporter-output>
          </reporter-output>
        </test-method> <!-- addToCartFromPLP -->
        <test-method signature="youMayAlsoLikeSection()[pri:6, instance:Tests.ProductlistingpageTest@2b0b7e5a]" started-at="2026-03-10T17:03:38 IST" name="youMayAlsoLikeSection" finished-at="2026-03-10T17:03:38 IST" duration-ms="561" status="PASS">
          <reporter-output>
          </reporter-output>
        </test-method> <!-- youMayAlsoLikeSection -->
        <test-method signature="beautyArchivesSection()[pri:7, instance:Tests.ProductlistingpageTest@2b0b7e5a]" started-at="2026-03-10T17:03:38 IST" name="beautyArchivesSection" finished-at="2026-03-10T17:03:39 IST" duration-ms="471" status="PASS">
          <reporter-output>
          </reporter-output>
        </test-method> <!-- beautyArchivesSection -->
        <test-method signature="viewAllRedirection()[pri:8, instance:Tests.ProductlistingpageTest@2b0b7e5a]" started-at="2026-03-10T17:03:39 IST" name="viewAllRedirection" finished-at="2026-03-10T17:03:41 IST" duration-ms="2487" status="PASS">
          <reporter-output>
          </reporter-output>
        </test-method> <!-- viewAllRedirection -->
        <test-method signature="faqsSection()[pri:9, instance:Tests.ProductlistingpageTest@2b0b7e5a]" started-at="2026-03-10T17:03:41 IST" name="faqsSection" finished-at="2026-03-10T17:03:42 IST" duration-ms="591" status="PASS">
          <reporter-output>
          </reporter-output>
        </test-method> <!-- faqsSection -->
        <test-method signature="writeToUsRedirection()[pri:10, instance:Tests.ProductlistingpageTest@2b0b7e5a]" started-at="2026-03-10T17:03:42 IST" name="writeToUsRedirection" finished-at="2026-03-10T17:03:44 IST" duration-ms="1852" status="PASS">
          <reporter-output>
          </reporter-output>
        </test-method> <!-- writeToUsRedirection -->
        <test-method is-config="true" signature="teardown()[pri:0, instance:Tests.ProductlistingpageTest@2b0b7e5a]" started-at="2026-03-10T17:03:44 IST" name="teardown" finished-at="2026-03-10T17:03:44 IST" duration-ms="576" status="PASS">
          <reporter-output>
          </reporter-output>
        </test-method> <!-- teardown -->
      </class> <!-- Tests.ProductlistingpageTest -->
      <class name="Tests.ProductdetaislTest">
        <test-method is-config="true" signature="launchApplication()[pri:0, instance:Tests.ProductdetaislTest@7be1ce6a]" started-at="2026-03-10T17:03:44 IST" name="launchApplication" finished-at="2026-03-10T17:03:50 IST" duration-ms="5726" status="PASS">
          <reporter-output>
          </reporter-output>
        </test-method> <!-- launchApplication -->
        <test-method signature="hpToPdpNavigation()[pri:1, instance:Tests.ProductdetaislTest@7be1ce6a]" started-at="2026-03-10T17:03:50 IST" name="hpToPdpNavigation" finished-at="2026-03-10T17:03:59 IST" duration-ms="9256" status="PASS">
          <reporter-output>
          </reporter-output>
        </test-method> <!-- hpToPdpNavigation -->
        <test-method signature="pdpToPlpNavigation()[pri:2, instance:Tests.ProductdetaislTest@7be1ce6a]" started-at="2026-03-10T17:03:59 IST" name="pdpToPlpNavigation" finished-at="2026-03-10T17:04:05 IST" duration-ms="5393" status="PASS">
          <reporter-output>
          </reporter-output>
        </test-method> <!-- pdpToPlpNavigation -->
        <test-method signature="invalidPincodeCheck()[pri:3, instance:Tests.ProductdetaislTest@7be1ce6a]" started-at="2026-03-10T17:04:05 IST" name="invalidPincodeCheck" finished-at="2026-03-10T17:04:06 IST" duration-ms="1650" status="PASS">
          <reporter-output>
          </reporter-output>
        </test-method> <!-- invalidPincodeCheck -->
        <test-method signature="validPincodeCheck()[pri:4, instance:Tests.ProductdetaislTest@7be1ce6a]" started-at="2026-03-10T17:04:06 IST" name="validPincodeCheck" finished-at="2026-03-10T17:04:08 IST" duration-ms="1227" status="PASS">
          <reporter-output>
          </reporter-output>
        </test-method> <!-- validPincodeCheck -->
        <test-method signature="addToCartFromPDP()[pri:5, instance:Tests.ProductdetaislTest@7be1ce6a]" started-at="2026-03-10T17:04:08 IST" name="addToCartFromPDP" finished-at="2026-03-10T17:04:11 IST" duration-ms="2819" status="PASS">
          <reporter-output>
          </reporter-output>
        </test-method> <!-- addToCartFromPDP -->
        <test-method signature="quantityIncrease()[pri:6, instance:Tests.ProductdetaislTest@7be1ce6a]" started-at="2026-03-10T17:04:11 IST" name="quantityIncrease" finished-at="2026-03-10T17:04:15 IST" duration-ms="4736" status="PASS">
          <reporter-output>
          </reporter-output>
        </test-method> <!-- quantityIncrease -->
        <test-method signature="quantityDecrease()[pri:7, instance:Tests.ProductdetaislTest@7be1ce6a]" started-at="2026-03-10T17:04:15 IST" name="quantityDecrease" finished-at="2026-03-10T17:04:20 IST" depends-on-methods="Tests.ProductdetaislTest.quantityIncrease" duration-ms="4727" status="PASS">
          <reporter-output>
          </reporter-output>
        </test-method> <!-- quantityDecrease -->
        <test-method signature="reviewsSection()[pri:8, instance:Tests.ProductdetaislTest@7be1ce6a]" started-at="2026-03-10T17:04:20 IST" name="reviewsSection" finished-at="2026-03-10T17:04:22 IST" duration-ms="2334" status="PASS">
          <reporter-output>
          </reporter-output>
        </test-method> <!-- reviewsSection -->
        <test-method signature="detailsSection()[pri:9, instance:Tests.ProductdetaislTest@7be1ce6a]" started-at="2026-03-10T17:04:22 IST" name="detailsSection" finished-at="2026-03-10T17:04:25 IST" duration-ms="2355" status="PASS">
          <reporter-output>
          </reporter-output>
        </test-method> <!-- detailsSection -->
        <test-method signature="youMayAlsoLikeSectionPDP()[pri:10, instance:Tests.ProductdetaislTest@7be1ce6a]" started-at="2026-03-10T17:04:25 IST" name="youMayAlsoLikeSectionPDP" finished-at="2026-03-10T17:04:27 IST" duration-ms="2500" status="PASS">
          <reporter-output>
          </reporter-output>
        </test-method> <!-- youMayAlsoLikeSectionPDP -->
        <test-method is-config="true" signature="teardown()[pri:0, instance:Tests.ProductdetaislTest@7be1ce6a]" started-at="2026-03-10T17:04:27 IST" name="teardown" finished-at="2026-03-10T17:04:28 IST" duration-ms="491" status="PASS">
          <reporter-output>
          </reporter-output>
        </test-method> <!-- teardown -->
      </class> <!-- Tests.ProductdetaislTest -->
      <class name="Tests.HomepageTest">
        <test-method is-config="true" signature="launchApplication()[pri:0, instance:Tests.HomepageTest@67f77f6e]" started-at="2026-03-10T16:59:53 IST" name="launchApplication" finished-at="2026-03-10T16:59:59 IST" duration-ms="5470" status="PASS">
          <reporter-output>
          </reporter-output>
        </test-method> <!-- launchApplication -->
        <test-method signature="logoVerification()[pri:1, instance:Tests.HomepageTest@67f77f6e]" started-at="2026-03-10T16:59:59 IST" name="logoVerification" finished-at="2026-03-10T17:00:02 IST" duration-ms="2836" status="PASS">
          <reporter-output>
          </reporter-output>
        </test-method> <!-- logoVerification -->
        <test-method signature="announcementBarNavigation()[pri:2, instance:Tests.HomepageTest@67f77f6e]" started-at="2026-03-10T17:00:02 IST" name="announcementBarNavigation" finished-at="2026-03-10T17:00:07 IST" duration-ms="5733" status="PASS">
          <reporter-output>
          </reporter-output>
        </test-method> <!-- announcementBarNavigation -->
        <test-method signature="megamenuNavigation()[pri:3, instance:Tests.HomepageTest@67f77f6e]" started-at="2026-03-10T17:00:07 IST" name="megamenuNavigation" finished-at="2026-03-10T17:00:10 IST" duration-ms="2255" status="PASS">
          <reporter-output>
          </reporter-output>
        </test-method> <!-- megamenuNavigation -->
        <test-method signature="aboutUsPageNavigation()[pri:4, instance:Tests.HomepageTest@67f77f6e]" started-at="2026-03-10T17:00:10 IST" name="aboutUsPageNavigation" finished-at="2026-03-10T17:00:11 IST" duration-ms="1838" status="PASS">
          <reporter-output>
          </reporter-output>
        </test-method> <!-- aboutUsPageNavigation -->
        <test-method signature="knowYourIngredientsPageNavigation()[pri:5, instance:Tests.HomepageTest@67f77f6e]" started-at="2026-03-10T17:00:11 IST" name="knowYourIngredientsPageNavigation" finished-at="2026-03-10T17:00:13 IST" duration-ms="1531" status="PASS">
          <reporter-output>
          </reporter-output>
        </test-method> <!-- knowYourIngredientsPageNavigation -->
        <test-method signature="beautyArchivesPageNavigation()[pri:6, instance:Tests.HomepageTest@67f77f6e]" started-at="2026-03-10T17:00:13 IST" name="beautyArchivesPageNavigation" finished-at="2026-03-10T17:00:15 IST" duration-ms="2380" status="PASS">
          <reporter-output>
          </reporter-output>
        </test-method> <!-- beautyArchivesPageNavigation -->
        <test-method signature="contactUsPageNavigation()[pri:7, instance:Tests.HomepageTest@67f77f6e]" started-at="2026-03-10T17:00:15 IST" name="contactUsPageNavigation" finished-at="2026-03-10T17:00:17 IST" duration-ms="1706" status="PASS">
          <reporter-output>
          </reporter-output>
        </test-method> <!-- contactUsPageNavigation -->
        <test-method signature="verifyHeroBannerLinkNavigation()[pri:8, instance:Tests.HomepageTest@67f77f6e]" started-at="2026-03-10T17:00:17 IST" name="verifyHeroBannerLinkNavigation" finished-at="2026-03-10T17:00:19 IST" duration-ms="1896" status="PASS">
          <reporter-output>
          </reporter-output>
        </test-method> <!-- verifyHeroBannerLinkNavigation -->
        <test-method signature="verifyCollectionTabsNavigation()[pri:9, instance:Tests.HomepageTest@67f77f6e]" started-at="2026-03-10T17:00:19 IST" name="verifyCollectionTabsNavigation" finished-at="2026-03-10T17:00:31 IST" duration-ms="11740" status="PASS">
          <reporter-output>
          </reporter-output>
        </test-method> <!-- verifyCollectionTabsNavigation -->
        <test-method signature="verifyProductNavigationFromCollectionTab()[pri:10, instance:Tests.HomepageTest@67f77f6e]" started-at="2026-03-10T17:00:31 IST" name="verifyProductNavigationFromCollectionTab" finished-at="2026-03-10T17:00:36 IST" duration-ms="5497" status="PASS">
          <reporter-output>
          </reporter-output>
        </test-method> <!-- verifyProductNavigationFromCollectionTab -->
        <test-method signature="verifyAddToCartFunctionality()[pri:12, instance:Tests.HomepageTest@67f77f6e]" started-at="2026-03-10T17:00:36 IST" name="verifyAddToCartFunctionality" finished-at="2026-03-10T17:00:49 IST" depends-on-methods="Tests.HomepageTest.verifyProductNavigationFromCollectionTab" duration-ms="12563" status="PASS">
          <reporter-output>
          </reporter-output>
        </test-method> <!-- verifyAddToCartFunctionality -->
        <test-method signature="verifyShopByConcernSection()[pri:13, instance:Tests.HomepageTest@67f77f6e]" started-at="2026-03-10T17:00:49 IST" name="verifyShopByConcernSection" finished-at="2026-03-10T17:01:02 IST" duration-ms="13619" status="PASS">
          <reporter-output>
          </reporter-output>
        </test-method> <!-- verifyShopByConcernSection -->
        <test-method signature="verifyDiscoverBeautyBillSection()[pri:14, instance:Tests.HomepageTest@67f77f6e]" started-at="2026-03-10T17:01:02 IST" name="verifyDiscoverBeautyBillSection" finished-at="2026-03-10T17:01:04 IST" duration-ms="2066" status="PASS">
          <reporter-output>
          </reporter-output>
        </test-method> <!-- verifyDiscoverBeautyBillSection -->
        <test-method signature="verifyInTheSpotlightSection()[pri:15, instance:Tests.HomepageTest@67f77f6e]" started-at="2026-03-10T17:01:04 IST" name="verifyInTheSpotlightSection" finished-at="2026-03-10T17:01:14 IST" duration-ms="9586" status="PASS">
          <reporter-output>
          </reporter-output>
        </test-method> <!-- verifyInTheSpotlightSection -->
        <test-method signature="verifyWhatSetsUsApartSection()[pri:16, instance:Tests.HomepageTest@67f77f6e]" started-at="2026-03-10T17:01:14 IST" name="verifyWhatSetsUsApartSection" finished-at="2026-03-10T17:01:18 IST" duration-ms="4413" status="PASS">
          <reporter-output>
          </reporter-output>
        </test-method> <!-- verifyWhatSetsUsApartSection -->
        <test-method signature="verifyReelsSection()[pri:17, instance:Tests.HomepageTest@67f77f6e]" started-at="2026-03-10T17:01:18 IST" name="verifyReelsSection" finished-at="2026-03-10T17:01:19 IST" duration-ms="351" status="PASS">
          <reporter-output>
          </reporter-output>
        </test-method> <!-- verifyReelsSection -->
        <test-method signature="verifyCustomerLoveSection()[pri:18, instance:Tests.HomepageTest@67f77f6e]" started-at="2026-03-10T17:01:19 IST" name="verifyCustomerLoveSection" finished-at="2026-03-10T17:01:19 IST" duration-ms="385" status="PASS">
          <reporter-output>
          </reporter-output>
        </test-method> <!-- verifyCustomerLoveSection -->
        <test-method signature="verifyDiscoverOurStorySection()[pri:19, instance:Tests.HomepageTest@67f77f6e]" started-at="2026-03-10T17:01:19 IST" name="verifyDiscoverOurStorySection" finished-at="2026-03-10T17:01:22 IST" duration-ms="2358" status="PASS">
          <reporter-output>
          </reporter-output>
        </test-method> <!-- verifyDiscoverOurStorySection -->
        <test-method signature="verifyBeautyArchivesSection()[pri:20, instance:Tests.HomepageTest@67f77f6e]" started-at="2026-03-10T17:01:22 IST" name="verifyBeautyArchivesSection" finished-at="2026-03-10T17:01:27 IST" duration-ms="4990" status="PASS">
          <reporter-output>
          </reporter-output>
        </test-method> <!-- verifyBeautyArchivesSection -->
        <test-method signature="verifyNewsletterSubscription()[pri:21, instance:Tests.HomepageTest@67f77f6e]" started-at="2026-03-10T17:01:27 IST" name="verifyNewsletterSubscription" finished-at="2026-03-10T17:01:39 IST" duration-ms="11962" status="PASS">
          <reporter-output>
          </reporter-output>
        </test-method> <!-- verifyNewsletterSubscription -->
        <test-method signature="verifyFooterProductLinks()[pri:22, instance:Tests.HomepageTest@67f77f6e]" started-at="2026-03-10T17:01:39 IST" name="verifyFooterProductLinks" finished-at="2026-03-10T17:02:02 IST" duration-ms="23244" status="PASS">
          <reporter-output>
          </reporter-output>
        </test-method> <!-- verifyFooterProductLinks -->
        <test-method signature="verifyFooterConcernLinks()[pri:23, instance:Tests.HomepageTest@67f77f6e]" started-at="2026-03-10T17:02:02 IST" name="verifyFooterConcernLinks" finished-at="2026-03-10T17:02:23 IST" duration-ms="21290" status="PASS">
          <reporter-output>
          </reporter-output>
        </test-method> <!-- verifyFooterConcernLinks -->
        <test-method signature="verifyFooterQuickLinks()[pri:24, instance:Tests.HomepageTest@67f77f6e]" started-at="2026-03-10T17:02:23 IST" name="verifyFooterQuickLinks" finished-at="2026-03-10T17:02:38 IST" duration-ms="15057" status="PASS">
          <reporter-output>
          </reporter-output>
        </test-method> <!-- verifyFooterQuickLinks -->
        <test-method signature="verifyFooterLegalLinks()[pri:25, instance:Tests.HomepageTest@67f77f6e]" started-at="2026-03-10T17:02:38 IST" name="verifyFooterLegalLinks" finished-at="2026-03-10T17:02:52 IST" duration-ms="14277" status="PASS">
          <reporter-output>
          </reporter-output>
        </test-method> <!-- verifyFooterLegalLinks -->
        <test-method signature="verifyFooterSocialMediaLinks()[pri:26, instance:Tests.HomepageTest@67f77f6e]" started-at="2026-03-10T17:02:52 IST" name="verifyFooterSocialMediaLinks" finished-at="2026-03-10T17:03:03 IST" duration-ms="10603" status="PASS">
          <reporter-output>
          </reporter-output>
        </test-method> <!-- verifyFooterSocialMediaLinks -->
        <test-method signature="verifyCautionNotice()[pri:27, instance:Tests.HomepageTest@67f77f6e]" started-at="2026-03-10T17:03:03 IST" name="verifyCautionNotice" finished-at="2026-03-10T17:03:03 IST" duration-ms="373" status="PASS">
          <reporter-output>
          </reporter-output>
        </test-method> <!-- verifyCautionNotice -->
        <test-method is-config="true" signature="teardown()[pri:0, instance:Tests.HomepageTest@67f77f6e]" started-at="2026-03-10T17:03:03 IST" name="teardown" finished-at="2026-03-10T17:03:04 IST" duration-ms="1024" status="PASS">
          <reporter-output>
          </reporter-output>
        </test-method> <!-- teardown -->
      </class> <!-- Tests.HomepageTest -->
    </test> <!-- Test -->
  </suite> <!-- Suite -->
</testng-results>
