<?xml version="1.0" encoding="UTF-8"?>
<!-- Generated by org.testng.reporters.JUnitReportReporter -->
<testsuite hostname="DESKTOP-1GK70PM" failures="0" tests="10" name="Tests.ProductdetaislTest" time="34.678" errors="0" timestamp="2026-02-17T21:45:26 IST" skipped="0">
  <testcase classname="Tests.ProductdetaislTest" name="hpToPlpNavigation" time="7.948"/>
  <testcase classname="Tests.ProductdetaislTest" name="pdpToPlpNavigation" time="4.095"/>
  <testcase classname="Tests.ProductdetaislTest" name="invalidPincodeCheck" time="1.589"/>
  <testcase classname="Tests.ProductdetaislTest" name="validPincodeCheck" time="1.365"/>
  <testcase classname="Tests.ProductdetaislTest" name="addToCartFromPDP" time="2.935"/>
  <testcase classname="Tests.ProductdetaislTest" name="quantityIncrease" time="4.813"/>
  <testcase classname="Tests.ProductdetaislTest" name="quantityDecrease" time="4.795"/>
  <testcase classname="Tests.ProductdetaislTest" name="reviewsSection" time="2.346"/>
  <testcase classname="Tests.ProductdetaislTest" name="detailsSection" time="2.372"/>
  <testcase classname="Tests.ProductdetaislTest" name="youMayAlsoLikeSectionPDP" time="2.420"/>
</testsuite> <!-- Tests.ProductdetaislTest -->
