<?xml version="1.0" encoding="UTF-8"?>
<!-- Generated by org.testng.reporters.JUnitReportReporter -->
<testsuite hostname="DESKTOP-1GK70PM" failures="0" tests="5" name="Tests.CartTest" time="28.070" errors="0" timestamp="2026-03-10T17:05:04 IST" skipped="0">
  <testcase classname="Tests.CartTest" name="emptyCart" time="6.534"/>
  <testcase classname="Tests.CartTest" name="addToCartFromPDP" time="14.030"/>
  <testcase classname="Tests.CartTest" name="priceUpdateVerification" time="2.069"/>
  <testcase classname="Tests.CartTest" name="freeBieProduct" time="0.081"/>
  <testcase classname="Tests.CartTest" name="checkout" time="5.356"/>
</testsuite> <!-- Tests.CartTest -->
