<?xml version="1.0" encoding="UTF-8"?>
<!-- Generated by org.testng.reporters.JUnitReportReporter -->
<testsuite hostname="DESKTOP-1GK70PM" failures="0" tests="10" name="Tests.ProductlistingpageTest" time="57.334" errors="0" timestamp="2026-02-19T10:45:34 IST" skipped="0">
  <testcase classname="Tests.ProductlistingpageTest" name="hpToPlpNavigation" time="11.570"/>
  <testcase classname="Tests.ProductlistingpageTest" name="appliedFilters" time="14.998"/>
  <testcase classname="Tests.ProductlistingpageTest" name="relevantProdutRedirection" time="5.447"/>
  <testcase classname="Tests.ProductlistingpageTest" name="clearFilters" time="8.056"/>
  <testcase classname="Tests.ProductlistingpageTest" name="addToCartFromPLP" time="9.003"/>
  <testcase classname="Tests.ProductlistingpageTest" name="youMayAlsoLikeSection" time="0.840"/>
  <testcase classname="Tests.ProductlistingpageTest" name="beautyArchivesSection" time="0.498"/>
  <testcase classname="Tests.ProductlistingpageTest" name="viewAllRedirection" time="3.590"/>
  <testcase classname="Tests.ProductlistingpageTest" name="faqsSection" time="0.795"/>
  <testcase classname="Tests.ProductlistingpageTest" name="writeToUsRedirection" time="2.537"/>
</testsuite> <!-- Tests.ProductlistingpageTest -->
