<?xml version="1.0" encoding="UTF-8"?>
<!-- Generated by org.testng.reporters.JUnitReportReporter -->
<testsuite hostname="DESKTOP-1GK70PM" failures="0" tests="10" name="Tests.ProductdetaislTest" time="39.217" errors="0" timestamp="2026-02-23T00:08:27 IST" skipped="0">
  <testcase classname="Tests.ProductdetaislTest" name="hpToPlpNavigation" time="10.698"/>
  <testcase classname="Tests.ProductdetaislTest" name="pdpToPlpNavigation" time="7.607"/>
  <testcase classname="Tests.ProductdetaislTest" name="invalidPincodeCheck" time="1.255"/>
  <testcase classname="Tests.ProductdetaislTest" name="validPincodeCheck" time="0.955"/>
  <testcase classname="Tests.ProductdetaislTest" name="addToCartFromPDP" time="2.429"/>
  <testcase classname="Tests.ProductdetaislTest" name="quantityIncrease" time="4.644"/>
  <testcase classname="Tests.ProductdetaislTest" name="quantityDecrease" time="4.564"/>
  <testcase classname="Tests.ProductdetaislTest" name="reviewsSection" time="2.369"/>
  <testcase classname="Tests.ProductdetaislTest" name="detailsSection" time="2.326"/>
  <testcase classname="Tests.ProductdetaislTest" name="youMayAlsoLikeSectionPDP" time="2.370"/>
</testsuite> <!-- Tests.ProductdetaislTest -->
