<?xml version="1.0" encoding="UTF-8"?>
<!-- Generated by org.testng.reporters.JUnitReportReporter -->
<testsuite hostname="DESKTOP-1GK70PM" failures="0" tests="10" name="Tests.ProductlistingpageTest" time="37.477" errors="0" timestamp="2026-02-22T20:04:50 IST" skipped="0">
  <testcase classname="Tests.ProductlistingpageTest" name="hpToPlpNavigation" time="9.227"/>
  <testcase classname="Tests.ProductlistingpageTest" name="appliedFilters" time="8.993"/>
  <testcase classname="Tests.ProductlistingpageTest" name="relevantProdutRedirection" time="3.088"/>
  <testcase classname="Tests.ProductlistingpageTest" name="clearFilters" time="4.665"/>
  <testcase classname="Tests.ProductlistingpageTest" name="addToCartFromPLP" time="5.016"/>
  <testcase classname="Tests.ProductlistingpageTest" name="youMayAlsoLikeSection" time="0.558"/>
  <testcase classname="Tests.ProductlistingpageTest" name="beautyArchivesSection" time="0.451"/>
  <testcase classname="Tests.ProductlistingpageTest" name="viewAllRedirection" time="3.047"/>
  <testcase classname="Tests.ProductlistingpageTest" name="faqsSection" time="0.485"/>
  <testcase classname="Tests.ProductlistingpageTest" name="writeToUsRedirection" time="1.947"/>
</testsuite> <!-- Tests.ProductlistingpageTest -->
