<?xml version="1.0" encoding="UTF-8"?>
<!-- Generated by org.testng.reporters.JUnitReportReporter -->
<testsuite hostname="DESKTOP-1GK70PM" failures="0" tests="26" name="Tests.HomepageTest" time="184.549" errors="0" timestamp="2026-03-10T17:05:04 IST" skipped="0">
  <testcase classname="Tests.HomepageTest" name="logoVerification" time="2.836"/>
  <testcase classname="Tests.HomepageTest" name="announcementBarNavigation" time="5.733"/>
  <testcase classname="Tests.HomepageTest" name="megamenuNavigation" time="2.255"/>
  <testcase classname="Tests.HomepageTest" name="aboutUsPageNavigation" time="1.838"/>
  <testcase classname="Tests.HomepageTest" name="knowYourIngredientsPageNavigation" time="1.531"/>
  <testcase classname="Tests.HomepageTest" name="beautyArchivesPageNavigation" time="2.380"/>
  <testcase classname="Tests.HomepageTest" name="contactUsPageNavigation" time="1.706"/>
  <testcase classname="Tests.HomepageTest" name="verifyHeroBannerLinkNavigation" time="1.896"/>
  <testcase classname="Tests.HomepageTest" name="verifyCollectionTabsNavigation" time="11.740"/>
  <testcase classname="Tests.HomepageTest" name="verifyProductNavigationFromCollectionTab" time="5.497"/>
  <testcase classname="Tests.HomepageTest" name="verifyAddToCartFunctionality" time="12.563"/>
  <testcase classname="Tests.HomepageTest" name="verifyShopByConcernSection" time="13.619"/>
  <testcase classname="Tests.HomepageTest" name="verifyDiscoverBeautyBillSection" time="2.066"/>
  <testcase classname="Tests.HomepageTest" name="verifyInTheSpotlightSection" time="9.586"/>
  <testcase classname="Tests.HomepageTest" name="verifyWhatSetsUsApartSection" time="4.413"/>
  <testcase classname="Tests.HomepageTest" name="verifyReelsSection" time="0.351"/>
  <testcase classname="Tests.HomepageTest" name="verifyCustomerLoveSection" time="0.385"/>
  <testcase classname="Tests.HomepageTest" name="verifyDiscoverOurStorySection" time="2.358"/>
  <testcase classname="Tests.HomepageTest" name="verifyBeautyArchivesSection" time="4.990"/>
  <testcase classname="Tests.HomepageTest" name="verifyNewsletterSubscription" time="11.962"/>
  <testcase classname="Tests.HomepageTest" name="verifyFooterProductLinks" time="23.244"/>
  <testcase classname="Tests.HomepageTest" name="verifyFooterConcernLinks" time="21.290"/>
  <testcase classname="Tests.HomepageTest" name="verifyFooterQuickLinks" time="15.057"/>
  <testcase classname="Tests.HomepageTest" name="verifyFooterLegalLinks" time="14.277"/>
  <testcase classname="Tests.HomepageTest" name="verifyFooterSocialMediaLinks" time="10.603"/>
  <testcase classname="Tests.HomepageTest" name="verifyCautionNotice" time="0.373"/>
</testsuite> <!-- Tests.HomepageTest -->
