<?xml version="1.0" encoding="UTF-8"?>
<!-- Generated by org.testng.reporters.JUnitReportReporter -->
<testsuite hostname="DESKTOP-1GK70PM" failures="0" tests="10" name="Tests.ProductdetaislTest" time="36.997" errors="0" timestamp="2026-03-10T17:05:04 IST" skipped="0">
  <testcase classname="Tests.ProductdetaislTest" name="hpToPdpNavigation" time="9.256"/>
  <testcase classname="Tests.ProductdetaislTest" name="pdpToPlpNavigation" time="5.393"/>
  <testcase classname="Tests.ProductdetaislTest" name="invalidPincodeCheck" time="1.650"/>
  <testcase classname="Tests.ProductdetaislTest" name="validPincodeCheck" time="1.227"/>
  <testcase classname="Tests.ProductdetaislTest" name="addToCartFromPDP" time="2.819"/>
  <testcase classname="Tests.ProductdetaislTest" name="quantityIncrease" time="4.736"/>
  <testcase classname="Tests.ProductdetaislTest" name="quantityDecrease" time="4.727"/>
  <testcase classname="Tests.ProductdetaislTest" name="reviewsSection" time="2.334"/>
  <testcase classname="Tests.ProductdetaislTest" name="detailsSection" time="2.355"/>
  <testcase classname="Tests.ProductdetaislTest" name="youMayAlsoLikeSectionPDP" time="2.500"/>
</testsuite> <!-- Tests.ProductdetaislTest -->
