<?xml version="1.0" encoding="UTF-8"?>
<!-- Generated by org.testng.reporters.JUnitReportReporter -->
<testsuite hostname="DESKTOP-1GK70PM" failures="0" tests="3" name="Tests.LoginpageTest" time="53.622" errors="0" timestamp="2026-02-19T10:45:34 IST" skipped="0">
  <testcase classname="Tests.LoginpageTest" name="loginPageNavigation" time="10.617"/>
  <testcase classname="Tests.LoginpageTest" name="createAccount" time="23.563"/>
  <testcase classname="Tests.LoginpageTest" name="login" time="19.442"/>
</testsuite> <!-- Tests.LoginpageTest -->
