<?xml version="1.0" encoding="UTF-8"?>
<!-- Generated by org.testng.reporters.JUnitReportReporter -->
<testsuite hostname="DESKTOP-1GK70PM" failures="0" tests="10" name="Tests.ProductlistingpageTest" time="32.521" errors="0" timestamp="2026-03-10T17:05:04 IST" skipped="0">
  <testcase classname="Tests.ProductlistingpageTest" name="hpToPlpNavigation" time="6.273"/>
  <testcase classname="Tests.ProductlistingpageTest" name="appliedFilters" time="7.889"/>
  <testcase classname="Tests.ProductlistingpageTest" name="filteredproducts" time="3.050"/>
  <testcase classname="Tests.ProductlistingpageTest" name="clearFilters" time="4.303"/>
  <testcase classname="Tests.ProductlistingpageTest" name="addToCartFromPLP" time="5.044"/>
  <testcase classname="Tests.ProductlistingpageTest" name="youMayAlsoLikeSection" time="0.561"/>
  <testcase classname="Tests.ProductlistingpageTest" name="beautyArchivesSection" time="0.471"/>
  <testcase classname="Tests.ProductlistingpageTest" name="viewAllRedirection" time="2.487"/>
  <testcase classname="Tests.ProductlistingpageTest" name="faqsSection" time="0.591"/>
  <testcase classname="Tests.ProductlistingpageTest" name="writeToUsRedirection" time="1.852"/>
</testsuite> <!-- Tests.ProductlistingpageTest -->
