<?xml version="1.0" encoding="UTF-8"?>
<!-- Generated by org.testng.reporters.JUnitReportReporter -->
<testsuite hostname="DESKTOP-1GK70PM" failures="0" tests="5" name="Tests.CartTest" time="34.520" errors="0" timestamp="2026-02-23T00:08:27 IST" skipped="0">
  <testcase classname="Tests.CartTest" name="emptyCart" time="8.742"/>
  <testcase classname="Tests.CartTest" name="addToCartFromPDP" time="17.117"/>
  <testcase classname="Tests.CartTest" name="priceUpdateVerification" time="2.222"/>
  <testcase classname="Tests.CartTest" name="freeBieProduct" time="0.037"/>
  <testcase classname="Tests.CartTest" name="checkout" time="6.402"/>
</testsuite> <!-- Tests.CartTest -->
