<?xml version="1.0" encoding="UTF-8"?>
<!-- Generated by org.testng.reporters.JUnitReportReporter -->
<testsuite hostname="DESKTOP-1GK70PM" failures="0" tests="3" name="Tests.LoginpageTest" time="34.238" errors="0" timestamp="2026-02-23T00:08:27 IST" skipped="0">
  <testcase classname="Tests.LoginpageTest" name="loginPageNavigation" time="5.624"/>
  <testcase classname="Tests.LoginpageTest" name="createAccount" time="15.082"/>
  <testcase classname="Tests.LoginpageTest" name="login" time="13.532"/>
</testsuite> <!-- Tests.LoginpageTest -->
