<?xml version="1.0" encoding="UTF-8"?>
<!-- Generated by org.testng.reporters.JUnitReportReporter -->
<testsuite hostname="DESKTOP-1GK70PM" failures="0" tests="27" name="Tests.HomepageTest" time="204.071" errors="2" timestamp="2026-02-17T16:04:11 IST" skipped="0">
  <testcase classname="Tests.HomepageTest" name="loginPageNavigation" time="3.966"/>
  <testcase classname="Tests.HomepageTest" name="announcementBarNavigation" time="6.466"/>
  <testcase classname="Tests.HomepageTest" name="megamenuNavigation" time="2.262"/>
  <testcase classname="Tests.HomepageTest" name="aboutUsPageNavigation" time="1.759"/>
  <testcase classname="Tests.HomepageTest" name="knowYourIngredientsPageNavigation" time="1.662"/>
  <testcase classname="Tests.HomepageTest" name="beautyArchivesPageNavigation" time="1.886"/>
  <testcase classname="Tests.HomepageTest" name="contactUsPageNavigation" time="1.729"/>
  <testcase classname="Tests.HomepageTest" name="verifyHeroBannerNavigation" time="1.897"/>
  <testcase classname="Tests.HomepageTest" name="verifyHeroBannerLinkNavigation" time="1.535"/>
  <testcase classname="Tests.HomepageTest" name="verifyCollectionTabsNavigation" time="11.044"/>
  <testcase classname="Tests.HomepageTest" name="verifyProductNavigationFromCollectionTab" time="6.103"/>
  <testcase classname="Tests.HomepageTest" name="verifyAddToCartFunctionality" time="13.189"/>
  <testcase classname="Tests.HomepageTest" name="verifyShopByConcernSection" time="16.742"/>
  <testcase classname="Tests.HomepageTest" name="verifyDiscoverBeautyBillSection" time="2.482"/>
  <testcase classname="Tests.HomepageTest" name="verifyInTheSpotlightSection" time="9.503"/>
  <testcase classname="Tests.HomepageTest" name="verifyWhatSetsUsApartSection" time="2.512"/>
  <testcase classname="Tests.HomepageTest" name="verifyReelsSection" time="0.353"/>
  <testcase classname="Tests.HomepageTest" name="verifyCustomerLoveSection" time="1.796">
    <error message="element click intercepted: Element &lt;button type=&quot;button&quot; role=&quot;presentation&quot; class=&quot;owl-next&quot;&gt;...&lt;/button&gt; is not clickable at point (669, 70). Other element would receive the click: &lt;nav&gt;...&lt;/nav&gt;
  (Session info: chrome=145.0.7632.75)
Build info: version: &#039;4.39.0&#039;, revision: &#039;126f156aee&#039;
System info: os.name: &#039;Windows 11&#039;, os.arch: &#039;amd64&#039;, os.version: &#039;10.0&#039;, java.version: &#039;21.0.9&#039;
Driver info: org.openqa.selenium.chrome.ChromeDriver
Command: [4061b228c94dbbea9753e10718c51f30, clickElement {id=f.08CC895AFFC22B7B153272D2E6EFCC19.d.7435C4776557A3F13553C87936B57CE6.e.3791}]
Capabilities {acceptInsecureCerts: false, browserName: chrome, browserVersion: 145.0.7632.75, chrome: {chromedriverVersion: 145.0.7632.76 (ee36f024f43a..., userDataDir: C:\Users\OrCon\AppData\Loca...}, fedcm:accounts: true, goog:chromeOptions: {debuggerAddress: localhost:57285}, goog:processID: 18144, networkConnectionEnabled: false, pageLoadStrategy: normal, platformName: windows, proxy: Proxy(), se:cdp: ws://localhost:57285/devtoo..., se:cdpVersion: 145.0.7632.75, setWindowRect: true, strictFileInteractability: false, timeouts: {implicit: 0, pageLoad: 300000, script: 30000}, unhandledPromptBehavior: dismiss and notify, webauthn:extension:credBlob: true, webauthn:extension:largeBlob: true, webauthn:extension:minPinLength: true, webauthn:extension:prf: true, webauthn:virtualAuthenticators: true}
Element: [[ChromeDriver: chrome on windows (4061b228c94dbbea9753e10718c51f30)] -&gt; xpath: //h2[text()=&#039;Customer Love&#039;]//parent::div//button[@class=&#039;owl-next&#039;]]
Session ID: 4061b228c94dbbea9753e10718c51f30" type="org.openqa.selenium.ElementClickInterceptedException">
      <![CDATA[org.openqa.selenium.ElementClickInterceptedException: element click intercepted: Element <button type="button" role="presentation" class="owl-next">...</button> is not clickable at point (669, 70). Other element would receive the click: <nav>...</nav>
  (Session info: chrome=145.0.7632.75)
Build info: version: '4.39.0', revision: '126f156aee'
System info: os.name: 'Windows 11', os.arch: 'amd64', os.version: '10.0', java.version: '21.0.9'
Driver info: org.openqa.selenium.chrome.ChromeDriver
Command: [4061b228c94dbbea9753e10718c51f30, clickElement {id=f.08CC895AFFC22B7B153272D2E6EFCC19.d.7435C4776557A3F13553C87936B57CE6.e.3791}]
Capabilities {acceptInsecureCerts: false, browserName: chrome, browserVersion: 145.0.7632.75, chrome: {chromedriverVersion: 145.0.7632.76 (ee36f024f43a..., userDataDir: C:\Users\OrCon\AppData\Loca...}, fedcm:accounts: true, goog:chromeOptions: {debuggerAddress: localhost:57285}, goog:processID: 18144, networkConnectionEnabled: false, pageLoadStrategy: normal, platformName: windows, proxy: Proxy(), se:cdp: ws://localhost:57285/devtoo..., se:cdpVersion: 145.0.7632.75, setWindowRect: true, strictFileInteractability: false, timeouts: {implicit: 0, pageLoad: 300000, script: 30000}, unhandledPromptBehavior: dismiss and notify, webauthn:extension:credBlob: true, webauthn:extension:largeBlob: true, webauthn:extension:minPinLength: true, webauthn:extension:prf: true, webauthn:virtualAuthenticators: true}
Element: [[ChromeDriver: chrome on windows (4061b228c94dbbea9753e10718c51f30)] -> xpath: //h2[text()='Customer Love']//parent::div//button[@class='owl-next']]
Session ID: 4061b228c94dbbea9753e10718c51f30
at java.base/jdk.internal.reflect.DirectConstructorHandleAccessor.newInstance(DirectConstructorHandleAccessor.java:62)
at java.base/java.lang.reflect.Constructor.newInstanceWithCaller(Constructor.java:502)
at java.base/java.lang.reflect.Constructor.newInstance(Constructor.java:486)
at org.openqa.selenium.remote.ErrorCodec.decode(ErrorCodec.java:167)
at org.openqa.selenium.remote.codec.w3c.W3CHttpResponseCodec.decode(W3CHttpResponseCodec.java:142)
at org.openqa.selenium.remote.codec.w3c.W3CHttpResponseCodec.decode(W3CHttpResponseCodec.java:49)
at org.openqa.selenium.remote.HttpCommandExecutor.execute(HttpCommandExecutor.java:215)
at org.openqa.selenium.remote.service.DriverCommandExecutor.invokeExecute(DriverCommandExecutor.java:216)
at org.openqa.selenium.remote.service.DriverCommandExecutor.execute(DriverCommandExecutor.java:174)
at org.openqa.selenium.remote.RemoteWebDriver.execute(RemoteWebDriver.java:561)
at org.openqa.selenium.remote.RemoteWebElement.execute(RemoteWebElement.java:223)
at org.openqa.selenium.remote.RemoteWebElement.click(RemoteWebElement.java:76)
at java.base/jdk.internal.reflect.DirectMethodHandleAccessor.invoke(DirectMethodHandleAccessor.java:103)
at java.base/java.lang.reflect.Method.invoke(Method.java:580)
at org.openqa.selenium.support.pagefactory.internal.LocatingElementHandler.invoke(LocatingElementHandler.java:51)
at jdk.proxy2/jdk.proxy2.$Proxy12.click(Unknown Source)
at pomScripts.homePage.clickRightMultipleTimesCustomerLove(homePage.java:594)
at Tests.HomepageTest.verifyCustomerLoveSection(HomepageTest.java:327)
at java.base/jdk.internal.reflect.DirectMethodHandleAccessor.invoke(DirectMethodHandleAccessor.java:103)
at java.base/java.lang.reflect.Method.invoke(Method.java:580)
at org.testng.internal.invokers.MethodInvocationHelper.invokeMethod(MethodInvocationHelper.java:141)
at org.testng.internal.invokers.TestInvoker.invokeMethod(TestInvoker.java:687)
at org.testng.internal.invokers.TestInvoker.invokeTestMethod(TestInvoker.java:230)
at org.testng.internal.invokers.MethodRunner.runInSequence(MethodRunner.java:63)
at org.testng.internal.invokers.TestInvoker$MethodInvocationAgent.invoke(TestInvoker.java:995)
at org.testng.internal.invokers.TestInvoker.invokeTestMethods(TestInvoker.java:203)
at org.testng.internal.invokers.TestMethodWorker.invokeTestMethods(TestMethodWorker.java:154)
at org.testng.internal.invokers.TestMethodWorker.run(TestMethodWorker.java:134)
at java.base/java.util.ArrayList.forEach(ArrayList.java:1596)
at org.testng.TestRunner.privateRun(TestRunner.java:741)
at org.testng.TestRunner.run(TestRunner.java:616)
at org.testng.SuiteRunner.runTest(SuiteRunner.java:421)
at org.testng.SuiteRunner.runSequentially(SuiteRunner.java:413)
at org.testng.SuiteRunner.privateRun(SuiteRunner.java:373)
at org.testng.SuiteRunner.run(SuiteRunner.java:312)
at org.testng.SuiteRunnerWorker.runSuite(SuiteRunnerWorker.java:52)
at org.testng.SuiteRunnerWorker.run(SuiteRunnerWorker.java:95)
at org.testng.TestNG.runSuitesSequentially(TestNG.java:1274)
at org.testng.TestNG.runSuitesLocally(TestNG.java:1208)
at org.testng.TestNG.runSuites(TestNG.java:1112)
at org.testng.TestNG.run(TestNG.java:1079)
at org.testng.remote.AbstractRemoteTestNG.run(AbstractRemoteTestNG.java:115)
at org.testng.remote.RemoteTestNG.initAndRun(RemoteTestNG.java:293)
at org.testng.remote.RemoteTestNG.main(RemoteTestNG.java:91)
]]>
    </error>
  </testcase> <!-- verifyCustomerLoveSection -->
  <testcase classname="Tests.HomepageTest" name="verifyDiscoverOurStorySection" time="1.544">
    <error message="element click intercepted: Element &lt;div class=&quot;hos-cont&quot;&gt;...&lt;/div&gt; is not clickable at point (632, 49). Other element would receive the click: &lt;header class=&quot;header header--middle-left header--mobile-left container header--has-menu header--has-social header--has-account&quot;&gt;...&lt;/header&gt;
  (Session info: chrome=145.0.7632.75)
Build info: version: &#039;4.39.0&#039;, revision: &#039;126f156aee&#039;
System info: os.name: &#039;Windows 11&#039;, os.arch: &#039;amd64&#039;, os.version: &#039;10.0&#039;, java.version: &#039;21.0.9&#039;
Driver info: org.openqa.selenium.chrome.ChromeDriver
Command: [4061b228c94dbbea9753e10718c51f30, clickElement {id=f.08CC895AFFC22B7B153272D2E6EFCC19.d.7435C4776557A3F13553C87936B57CE6.e.3796}]
Capabilities {acceptInsecureCerts: false, browserName: chrome, browserVersion: 145.0.7632.75, chrome: {chromedriverVersion: 145.0.7632.76 (ee36f024f43a..., userDataDir: C:\Users\OrCon\AppData\Loca...}, fedcm:accounts: true, goog:chromeOptions: {debuggerAddress: localhost:57285}, goog:processID: 18144, networkConnectionEnabled: false, pageLoadStrategy: normal, platformName: windows, proxy: Proxy(), se:cdp: ws://localhost:57285/devtoo..., se:cdpVersion: 145.0.7632.75, setWindowRect: true, strictFileInteractability: false, timeouts: {implicit: 0, pageLoad: 300000, script: 30000}, unhandledPromptBehavior: dismiss and notify, webauthn:extension:credBlob: true, webauthn:extension:largeBlob: true, webauthn:extension:minPinLength: true, webauthn:extension:prf: true, webauthn:virtualAuthenticators: true}
Element: [[ChromeDriver: chrome on windows (4061b228c94dbbea9753e10718c51f30)] -&gt; xpath: (//div[@class=&#039;hos-cont&#039;])[3]]
Session ID: 4061b228c94dbbea9753e10718c51f30" type="org.openqa.selenium.ElementClickInterceptedException">
      <![CDATA[org.openqa.selenium.ElementClickInterceptedException: element click intercepted: Element <div class="hos-cont">...</div> is not clickable at point (632, 49). Other element would receive the click: <header class="header header--middle-left header--mobile-left container header--has-menu header--has-social header--has-account">...</header>
  (Session info: chrome=145.0.7632.75)
Build info: version: '4.39.0', revision: '126f156aee'
System info: os.name: 'Windows 11', os.arch: 'amd64', os.version: '10.0', java.version: '21.0.9'
Driver info: org.openqa.selenium.chrome.ChromeDriver
Command: [4061b228c94dbbea9753e10718c51f30, clickElement {id=f.08CC895AFFC22B7B153272D2E6EFCC19.d.7435C4776557A3F13553C87936B57CE6.e.3796}]
Capabilities {acceptInsecureCerts: false, browserName: chrome, browserVersion: 145.0.7632.75, chrome: {chromedriverVersion: 145.0.7632.76 (ee36f024f43a..., userDataDir: C:\Users\OrCon\AppData\Loca...}, fedcm:accounts: true, goog:chromeOptions: {debuggerAddress: localhost:57285}, goog:processID: 18144, networkConnectionEnabled: false, pageLoadStrategy: normal, platformName: windows, proxy: Proxy(), se:cdp: ws://localhost:57285/devtoo..., se:cdpVersion: 145.0.7632.75, setWindowRect: true, strictFileInteractability: false, timeouts: {implicit: 0, pageLoad: 300000, script: 30000}, unhandledPromptBehavior: dismiss and notify, webauthn:extension:credBlob: true, webauthn:extension:largeBlob: true, webauthn:extension:minPinLength: true, webauthn:extension:prf: true, webauthn:virtualAuthenticators: true}
Element: [[ChromeDriver: chrome on windows (4061b228c94dbbea9753e10718c51f30)] -> xpath: (//div[@class='hos-cont'])[3]]
Session ID: 4061b228c94dbbea9753e10718c51f30
at java.base/jdk.internal.reflect.DirectConstructorHandleAccessor.newInstance(DirectConstructorHandleAccessor.java:62)
at java.base/java.lang.reflect.Constructor.newInstanceWithCaller(Constructor.java:502)
at java.base/java.lang.reflect.Constructor.newInstance(Constructor.java:486)
at org.openqa.selenium.remote.ErrorCodec.decode(ErrorCodec.java:167)
at org.openqa.selenium.remote.codec.w3c.W3CHttpResponseCodec.decode(W3CHttpResponseCodec.java:142)
at org.openqa.selenium.remote.codec.w3c.W3CHttpResponseCodec.decode(W3CHttpResponseCodec.java:49)
at org.openqa.selenium.remote.HttpCommandExecutor.execute(HttpCommandExecutor.java:215)
at org.openqa.selenium.remote.service.DriverCommandExecutor.invokeExecute(DriverCommandExecutor.java:216)
at org.openqa.selenium.remote.service.DriverCommandExecutor.execute(DriverCommandExecutor.java:174)
at org.openqa.selenium.remote.RemoteWebDriver.execute(RemoteWebDriver.java:561)
at org.openqa.selenium.remote.RemoteWebElement.execute(RemoteWebElement.java:223)
at org.openqa.selenium.remote.RemoteWebElement.click(RemoteWebElement.java:76)
at java.base/jdk.internal.reflect.DirectMethodHandleAccessor.invoke(DirectMethodHandleAccessor.java:103)
at java.base/java.lang.reflect.Method.invoke(Method.java:580)
at org.openqa.selenium.support.pagefactory.internal.LocatingElementHandler.invoke(LocatingElementHandler.java:51)
at jdk.proxy2/jdk.proxy2.$Proxy12.click(Unknown Source)
at Tests.HomepageTest.verifyDiscoverOurStorySection(HomepageTest.java:340)
at java.base/jdk.internal.reflect.DirectMethodHandleAccessor.invoke(DirectMethodHandleAccessor.java:103)
at java.base/java.lang.reflect.Method.invoke(Method.java:580)
at org.testng.internal.invokers.MethodInvocationHelper.invokeMethod(MethodInvocationHelper.java:141)
at org.testng.internal.invokers.TestInvoker.invokeMethod(TestInvoker.java:687)
at org.testng.internal.invokers.TestInvoker.invokeTestMethod(TestInvoker.java:230)
at org.testng.internal.invokers.MethodRunner.runInSequence(MethodRunner.java:63)
at org.testng.internal.invokers.TestInvoker$MethodInvocationAgent.invoke(TestInvoker.java:995)
at org.testng.internal.invokers.TestInvoker.invokeTestMethods(TestInvoker.java:203)
at org.testng.internal.invokers.TestMethodWorker.invokeTestMethods(TestMethodWorker.java:154)
at org.testng.internal.invokers.TestMethodWorker.run(TestMethodWorker.java:134)
at java.base/java.util.ArrayList.forEach(ArrayList.java:1596)
at org.testng.TestRunner.privateRun(TestRunner.java:741)
at org.testng.TestRunner.run(TestRunner.java:616)
at org.testng.SuiteRunner.runTest(SuiteRunner.java:421)
at org.testng.SuiteRunner.runSequentially(SuiteRunner.java:413)
at org.testng.SuiteRunner.privateRun(SuiteRunner.java:373)
at org.testng.SuiteRunner.run(SuiteRunner.java:312)
at org.testng.SuiteRunnerWorker.runSuite(SuiteRunnerWorker.java:52)
at org.testng.SuiteRunnerWorker.run(SuiteRunnerWorker.java:95)
at org.testng.TestNG.runSuitesSequentially(TestNG.java:1274)
at org.testng.TestNG.runSuitesLocally(TestNG.java:1208)
at org.testng.TestNG.runSuites(TestNG.java:1112)
at org.testng.TestNG.run(TestNG.java:1079)
at org.testng.remote.AbstractRemoteTestNG.run(AbstractRemoteTestNG.java:115)
at org.testng.remote.RemoteTestNG.initAndRun(RemoteTestNG.java:293)
at org.testng.remote.RemoteTestNG.main(RemoteTestNG.java:91)
]]>
    </error>
  </testcase> <!-- verifyDiscoverOurStorySection -->
  <testcase classname="Tests.HomepageTest" name="verifyBeautyArchivesSection" time="9.970"/>
  <testcase classname="Tests.HomepageTest" name="verifyNewsletterSubscription" time="12.684"/>
  <testcase classname="Tests.HomepageTest" name="verifyFooterProductLinks" time="26.729"/>
  <testcase classname="Tests.HomepageTest" name="verifyFooterConcernLinks" time="23.653"/>
  <testcase classname="Tests.HomepageTest" name="verifyFooterQuickLinks" time="16.541"/>
  <testcase classname="Tests.HomepageTest" name="verifyFooterLegalLinks" time="13.488"/>
  <testcase classname="Tests.HomepageTest" name="verifyFooterSocialMediaLinks" time="12.132"/>
  <testcase classname="Tests.HomepageTest" name="verifyCautionNotice" time="0.444"/>
</testsuite> <!-- Tests.HomepageTest -->
