<?xml version="1.0" encoding="UTF-8"?>
<!-- Generated by org.testng.reporters.JUnitReportReporter -->
<testsuite hostname="DESKTOP-1GK70PM" failures="0" tests="10" name="Tests.ProductlistingpageTest" time="41.157" errors="0" timestamp="2026-02-15T19:29:33 IST" skipped="0">
  <testcase classname="Tests.ProductlistingpageTest" name="hpToPlpNavigation" time="7.062"/>
  <testcase classname="Tests.ProductlistingpageTest" name="appliedFilters" time="11.745"/>
  <testcase classname="Tests.ProductlistingpageTest" name="relevantProdutRedirection" time="3.282"/>
  <testcase classname="Tests.ProductlistingpageTest" name="clearFilters" time="6.237"/>
  <testcase classname="Tests.ProductlistingpageTest" name="addToCartFromPLP" time="6.319"/>
  <testcase classname="Tests.ProductlistingpageTest" name="youMayAlsoLikeSection" time="0.677"/>
  <testcase classname="Tests.ProductlistingpageTest" name="beautyArchivesSection" time="0.506"/>
  <testcase classname="Tests.ProductlistingpageTest" name="viewAllRedirection" time="2.669"/>
  <testcase classname="Tests.ProductlistingpageTest" name="faqsSection" time="0.716"/>
  <testcase classname="Tests.ProductlistingpageTest" name="writeToUsRedirection" time="1.944"/>
</testsuite> <!-- Tests.ProductlistingpageTest -->
