<?xml version="1.0" encoding="UTF-8"?>
<!-- Generated by org.testng.reporters.JUnitReportReporter -->
<testsuite hostname="DESKTOP-1GK70PM" failures="0" tests="27" name="Tests.HomepageTest" time="233.867" errors="0" timestamp="2026-02-22T20:04:50 IST" skipped="0">
  <testcase classname="Tests.HomepageTest" name="logoVerification" time="2.917"/>
  <testcase classname="Tests.HomepageTest" name="announcementBarNavigation" time="6.567"/>
  <testcase classname="Tests.HomepageTest" name="megamenuNavigation" time="3.917"/>
  <testcase classname="Tests.HomepageTest" name="aboutUsPageNavigation" time="2.991"/>
  <testcase classname="Tests.HomepageTest" name="knowYourIngredientsPageNavigation" time="2.208"/>
  <testcase classname="Tests.HomepageTest" name="beautyArchivesPageNavigation" time="2.398"/>
  <testcase classname="Tests.HomepageTest" name="contactUsPageNavigation" time="2.392"/>
  <testcase classname="Tests.HomepageTest" name="verifyHeroBannerNavigation" time="2.349"/>
  <testcase classname="Tests.HomepageTest" name="verifyHeroBannerLinkNavigation" time="2.277"/>
  <testcase classname="Tests.HomepageTest" name="verifyCollectionTabsNavigation" time="12.558"/>
  <testcase classname="Tests.HomepageTest" name="verifyProductNavigationFromCollectionTab" time="4.753"/>
  <testcase classname="Tests.HomepageTest" name="verifyAddToCartFunctionality" time="10.662"/>
  <testcase classname="Tests.HomepageTest" name="verifyShopByConcernSection" time="18.528"/>
  <testcase classname="Tests.HomepageTest" name="verifyDiscoverBeautyBillSection" time="3.387"/>
  <testcase classname="Tests.HomepageTest" name="verifyInTheSpotlightSection" time="8.460"/>
  <testcase classname="Tests.HomepageTest" name="verifyWhatSetsUsApartSection" time="4.368"/>
  <testcase classname="Tests.HomepageTest" name="verifyReelsSection" time="0.452"/>
  <testcase classname="Tests.HomepageTest" name="verifyCustomerLoveSection" time="0.678"/>
  <testcase classname="Tests.HomepageTest" name="verifyDiscoverOurStorySection" time="4.256"/>
  <testcase classname="Tests.HomepageTest" name="verifyBeautyArchivesSection" time="6.349"/>
  <testcase classname="Tests.HomepageTest" name="verifyNewsletterSubscription" time="10.251"/>
  <testcase classname="Tests.HomepageTest" name="verifyFooterProductLinks" time="31.613"/>
  <testcase classname="Tests.HomepageTest" name="verifyFooterConcernLinks" time="31.866"/>
  <testcase classname="Tests.HomepageTest" name="verifyFooterQuickLinks" time="25.999"/>
  <testcase classname="Tests.HomepageTest" name="verifyFooterLegalLinks" time="20.997"/>
  <testcase classname="Tests.HomepageTest" name="verifyFooterSocialMediaLinks" time="10.211"/>
  <testcase classname="Tests.HomepageTest" name="verifyCautionNotice" time="0.463"/>
</testsuite> <!-- Tests.HomepageTest -->
