<?xml version="1.0" encoding="UTF-8"?>
<!-- Generated by org.testng.reporters.JUnitReportReporter -->
<testsuite hostname="DESKTOP-1GK70PM" failures="0" tests="27" name="Tests.HomepageTest" time="288.380" errors="0" timestamp="2026-02-19T10:45:34 IST" skipped="0">
  <testcase classname="Tests.HomepageTest" name="logoVerification" time="5.623"/>
  <testcase classname="Tests.HomepageTest" name="announcementBarNavigation" time="11.784"/>
  <testcase classname="Tests.HomepageTest" name="megamenuNavigation" time="3.945"/>
  <testcase classname="Tests.HomepageTest" name="aboutUsPageNavigation" time="2.688"/>
  <testcase classname="Tests.HomepageTest" name="knowYourIngredientsPageNavigation" time="2.472"/>
  <testcase classname="Tests.HomepageTest" name="beautyArchivesPageNavigation" time="2.773"/>
  <testcase classname="Tests.HomepageTest" name="contactUsPageNavigation" time="2.512"/>
  <testcase classname="Tests.HomepageTest" name="verifyHeroBannerNavigation" time="2.671"/>
  <testcase classname="Tests.HomepageTest" name="verifyHeroBannerLinkNavigation" time="1.986"/>
  <testcase classname="Tests.HomepageTest" name="verifyCollectionTabsNavigation" time="15.259"/>
  <testcase classname="Tests.HomepageTest" name="verifyProductNavigationFromCollectionTab" time="9.665"/>
  <testcase classname="Tests.HomepageTest" name="verifyAddToCartFunctionality" time="19.605"/>
  <testcase classname="Tests.HomepageTest" name="verifyShopByConcernSection" time="25.448"/>
  <testcase classname="Tests.HomepageTest" name="verifyDiscoverBeautyBillSection" time="3.083"/>
  <testcase classname="Tests.HomepageTest" name="verifyInTheSpotlightSection" time="12.450"/>
  <testcase classname="Tests.HomepageTest" name="verifyWhatSetsUsApartSection" time="6.352"/>
  <testcase classname="Tests.HomepageTest" name="verifyReelsSection" time="0.553"/>
  <testcase classname="Tests.HomepageTest" name="verifyCustomerLoveSection" time="1.493"/>
  <testcase classname="Tests.HomepageTest" name="verifyDiscoverOurStorySection" time="8.341"/>
  <testcase classname="Tests.HomepageTest" name="verifyBeautyArchivesSection" time="7.090"/>
  <testcase classname="Tests.HomepageTest" name="verifyNewsletterSubscription" time="12.631"/>
  <testcase classname="Tests.HomepageTest" name="verifyFooterProductLinks" time="40.505"/>
  <testcase classname="Tests.HomepageTest" name="verifyFooterConcernLinks" time="30.740"/>
  <testcase classname="Tests.HomepageTest" name="verifyFooterQuickLinks" time="20.324"/>
  <testcase classname="Tests.HomepageTest" name="verifyFooterLegalLinks" time="19.052"/>
  <testcase classname="Tests.HomepageTest" name="verifyFooterSocialMediaLinks" time="18.887"/>
  <testcase classname="Tests.HomepageTest" name="verifyCautionNotice" time="0.448"/>
</testsuite> <!-- Tests.HomepageTest -->
