<?xml version="1.0" encoding="UTF-8"?>
<!-- Generated by org.testng.reporters.JUnitReportReporter -->
<testsuite hostname="DESKTOP-1GK70PM" failures="0" tests="10" name="Tests.ProductdetaislTest" time="50.182" errors="0" timestamp="2026-02-19T10:45:34 IST" skipped="0">
  <testcase classname="Tests.ProductdetaislTest" name="hpToPlpNavigation" time="16.903"/>
  <testcase classname="Tests.ProductdetaislTest" name="pdpToPlpNavigation" time="9.939"/>
  <testcase classname="Tests.ProductdetaislTest" name="invalidPincodeCheck" time="1.754"/>
  <testcase classname="Tests.ProductdetaislTest" name="validPincodeCheck" time="1.618"/>
  <testcase classname="Tests.ProductdetaislTest" name="addToCartFromPDP" time="2.643"/>
  <testcase classname="Tests.ProductdetaislTest" name="quantityIncrease" time="5.076"/>
  <testcase classname="Tests.ProductdetaislTest" name="quantityDecrease" time="4.978"/>
  <testcase classname="Tests.ProductdetaislTest" name="reviewsSection" time="2.459"/>
  <testcase classname="Tests.ProductdetaislTest" name="detailsSection" time="2.407"/>
  <testcase classname="Tests.ProductdetaislTest" name="youMayAlsoLikeSectionPDP" time="2.405"/>
</testsuite> <!-- Tests.ProductdetaislTest -->
