<?xml version="1.0" encoding="UTF-8"?>
<!-- Generated by org.testng.reporters.JUnitReportReporter -->
<testsuite hostname="DESKTOP-1GK70PM" failures="1" tests="25" name="Tests.PLP_PDP_CART" time="163.347" errors="0" timestamp="2026-02-22T23:57:46 IST" skipped="0">
  <testcase classname="Tests.PLP_PDP_CART" name="hpToPlpNavigation" time="11.098"/>
  <testcase classname="Tests.PLP_PDP_CART" name="appliedFilters" time="15.168"/>
  <testcase classname="Tests.PLP_PDP_CART" name="relevantProdutRedirection" time="4.787"/>
  <testcase classname="Tests.PLP_PDP_CART" name="clearFilters" time="6.633"/>
  <testcase classname="Tests.PLP_PDP_CART" name="addToCartFromPLP" time="8.499"/>
  <testcase classname="Tests.PLP_PDP_CART" name="youMayAlsoLikeSection" time="0.777"/>
  <testcase classname="Tests.PLP_PDP_CART" name="beautyArchivesSection" time="0.619"/>
  <testcase classname="Tests.PLP_PDP_CART" name="viewAllRedirection" time="3.420"/>
  <testcase classname="Tests.PLP_PDP_CART" name="faqsSection" time="0.703"/>
  <testcase classname="Tests.PLP_PDP_CART" name="writeToUsRedirection" time="5.784"/>
  <testcase classname="Tests.PLP_PDP_CART" name="hpPlpNavigation" time="12.322"/>
  <testcase classname="Tests.PLP_PDP_CART" name="pdpToPlpNavigation" time="14.779"/>
  <testcase classname="Tests.PLP_PDP_CART" name="invalidPincodeCheck" time="3.337"/>
  <testcase classname="Tests.PLP_PDP_CART" name="validPincodeCheck" time="1.623"/>
  <testcase classname="Tests.PLP_PDP_CART" name="addToCartFromPDP" time="2.746"/>
  <testcase classname="Tests.PLP_PDP_CART" name="quantityIncrease" time="4.914"/>
  <testcase classname="Tests.PLP_PDP_CART" name="quantityDecrease" time="5.119"/>
  <testcase classname="Tests.PLP_PDP_CART" name="reviewsSection" time="2.417"/>
  <testcase classname="Tests.PLP_PDP_CART" name="detailsSection" time="2.397"/>
  <testcase classname="Tests.PLP_PDP_CART" name="youMayAlsoLikeSectionPDP" time="5.615"/>
  <testcase classname="Tests.PLP_PDP_CART" name="emptyCart" time="11.902">
    <failure message="user fails to redirect to collections page expected [https://lovebeautyandplanet.in/collections/all] but found [https://lovebeautyandplanet.in/collections/al]" type="java.lang.AssertionError">
      <![CDATA[java.lang.AssertionError: user fails to redirect to collections page expected [https://lovebeautyandplanet.in/collections/all] but found [https://lovebeautyandplanet.in/collections/al]
at org.testng.Assert.fail(Assert.java:111)
at org.testng.Assert.failNotEquals(Assert.java:1590)
at org.testng.Assert.assertEqualsImpl(Assert.java:150)
at org.testng.Assert.assertEquals(Assert.java:132)
at org.testng.Assert.assertEquals(Assert.java:656)
at Tests.PLP_PDP_CART.emptyCart(PLP_PDP_CART.java:337)
at java.base/jdk.internal.reflect.DirectMethodHandleAccessor.invoke(DirectMethodHandleAccessor.java:103)
at java.base/java.lang.reflect.Method.invoke(Method.java:580)
at org.testng.internal.invokers.MethodInvocationHelper.invokeMethod(MethodInvocationHelper.java:141)
at org.testng.internal.invokers.TestInvoker.invokeMethod(TestInvoker.java:687)
at org.testng.internal.invokers.TestInvoker.invokeTestMethod(TestInvoker.java:230)
at org.testng.internal.invokers.MethodRunner.runInSequence(MethodRunner.java:63)
at org.testng.internal.invokers.TestInvoker$MethodInvocationAgent.invoke(TestInvoker.java:995)
at org.testng.internal.invokers.TestInvoker.invokeTestMethods(TestInvoker.java:203)
at org.testng.internal.invokers.TestMethodWorker.invokeTestMethods(TestMethodWorker.java:154)
at org.testng.internal.invokers.TestMethodWorker.run(TestMethodWorker.java:134)
at java.base/java.util.ArrayList.forEach(ArrayList.java:1596)
at org.testng.TestRunner.privateRun(TestRunner.java:741)
at org.testng.TestRunner.run(TestRunner.java:616)
at org.testng.SuiteRunner.runTest(SuiteRunner.java:421)
at org.testng.SuiteRunner.runSequentially(SuiteRunner.java:413)
at org.testng.SuiteRunner.privateRun(SuiteRunner.java:373)
at org.testng.SuiteRunner.run(SuiteRunner.java:312)
at org.testng.SuiteRunnerWorker.runSuite(SuiteRunnerWorker.java:52)
at org.testng.SuiteRunnerWorker.run(SuiteRunnerWorker.java:95)
at org.testng.TestNG.runSuitesSequentially(TestNG.java:1274)
at org.testng.TestNG.runSuitesLocally(TestNG.java:1208)
at org.testng.TestNG.runSuites(TestNG.java:1112)
at org.testng.TestNG.run(TestNG.java:1079)
at org.testng.remote.AbstractRemoteTestNG.run(AbstractRemoteTestNG.java:115)
at org.testng.remote.RemoteTestNG.initAndRun(RemoteTestNG.java:293)
at org.testng.remote.RemoteTestNG.main(RemoteTestNG.java:91)
]]>
    </failure>
  </testcase> <!-- emptyCart -->
  <testcase classname="Tests.PLP_PDP_CART" name="addToCartFromPDP2" time="26.664"/>
  <testcase classname="Tests.PLP_PDP_CART" name="priceUpdateVerification" time="2.127"/>
  <testcase classname="Tests.PLP_PDP_CART" name="freeBieProduct" time="0.081"/>
  <testcase classname="Tests.PLP_PDP_CART" name="checkout" time="9.816"/>
</testsuite> <!-- Tests.PLP_PDP_CART -->
